Case #1: 
388842.847728787
90737.685147954
198032.298135675
19202.811201191
62838.071471478
53289.777167802
108957.925681519
84.869958069
1225290.149704095
209791.317981623
185785.501995299
10247.083775392
24105.412562281
69084.918792968
132312.374824218
13250.649776584
25919692.995540779
47211.023897577
236158.031060750
7208488.159215170
50913.778633159
212150.559930517
105913.365107993
102675.019467765
2545.447720370
51182.127064000
Case #2: 
32823.226160669
40881.864981794
32767.600316607
31312.780080784
34479.234758199
264553.827670721
29425.212473817
44936.003664304
32388.465083420
6418.211034176
29860.444448674
37942.137306641
33290.041742090
33109.421681043
39113.385789464
57798.508694394
33306.636626707
36405.934756724
37822.612162671
125308.871997863
25436.268941913
33227.789470024
44430.656933560
62151.127308406
21146.672468967
31619.885452451
28766.702903543
33446.842580676
33950.359360845
30629.443253785
47390.638987277
66721.174871934
34017.520529925
20430.008836507
35082.369403503
34645.444037894
32956.902953086
36153.239616752
25851.134350475
36637.218598592
48845.788064284
22271.813982432
36767.306595985
29372.833274482
33490.733015523
31078.990321541
41125.203716335
32912.410941856
64970.518934261
35250.679914926
29360.942979666
34248.975523419
37308.106914995
36348.311726077
34088.437925122
35338.913806682
25661.572331428
32366.417485730
33958.319199228
31522.954721124
42920.003380893
32741.357387589
35859.236913199
31341.919972761
32462.020559750
54283.188308669
33872.212761953
10587.189607645
147201.336953010
31540.882750136
51217.630572443
31299.999088011
36861.827644733
38265.529657273
28089.475802560
212803.648955391
184249.567164414
51201.031927023
35176.674826566
36153.235959918
49484.224082641
33548.045314398
32251.187478343
32695.993990439
45074.167800281
33440.432889282
30067.497517092
49105.469424096
28796.746876927
30252.193655884
30602.479175197
143633.560418496
16558.405376740
33860.713855561
29739.705680553
28559.246560758
87149.592863453
29423.328966478
35279.746316161
38621.844035429
Case #3: 
36678.784024403
60069.359073942
54006.854428220
12840.689372251
38357.509833428
65466.818717555
18266.015291112
421287.390743892
24548.396493172
97667.213644728
41310.222993732
13390.695520521
155546.718289797
155180.885660260
4951.693992748
6985.956794376
81637.919541495
107039.093475550
47205.659216193
55077.539978849
56583.532162684
356507.028423784
78.574759402
26095.069017579
85281.460175272
145021.757558162
79811.698085158
266830.383257992
23159.290045288
45713.378801193
57363.132398617
54234.786773810
62832.522295260
23785.752074359
74566.983957337
60343.854324877
Case #4: 
74946.989595382
15772.549248143
42832.005842516
34174.833689413
40483.361929081
43783.441855674
51642.790193112
83124.787115588
55699.933610023
41910.451894357
47454.671334226
73608.815737873
47091.041852259
45835.084990320
21867.707730092
35198.604812980
60872.194186302
27417.397923331
38971.722667239
76922.237962314
447999.330722113
47825.167372370
50555.396064661
52874.910657237
40355.180131496
48732.290284449
51219.058619726
63953.029071174
54991.827120550
169543.342734536
53993.471408734
66900.664992205
49728.321454538
33343.473874208
55148.252071054
49574.889897721
38590.991031842
66606.220875744
50306.047244408
42783.530902470
48617.693493250
45894.365193479
52383.266308126
81032.697279262
44268.778535972
42211.527803679
56202.949518416
52911.772943131
33202.292307937
46508.335565420
35054.146442201
51826.858382726
33431.682525936
56921.127457210
77456.536422522
57155.178852150
59075.643562569
56426.748968377
51955.549438828
7845.151032482
55461.643588732
82131.617488329
76591.110024840
71534.314421934
46181.393612706
74022.499182720
49766.316687072
57661.100018994
53788.848613438
36195.304582856
163402.614642544
46863.663229626
83662.113079731
57259.747957491
101609.757798262
41303.006641644
62364.418002401
39684.623264896
96614.524314442
47079.675915327
83967.129403235
50823.116392509
179796.835173146
67929.237532890
51747.916967533
43585.549329400
28071.467462341
46959.894319718
49654.992289503
47596.792532163
44588.467737882
72870.938281114
47079.675915327
52379.878043973
47210.407895520
49811.480434449
33789.081700981
68485.148924267
52229.652033337
596631981.417323112
Case #5: 
86887.691371257
67914.760984064
84783.282658196
64408.072322778
13342.279168940
7622.503075625
124446.559756174
99851.231376866
45812.331510646
137667.067601815
59615.622241708
11926.760157153
66589.209027462
55422.108456876
7509.206043889
228104.909715618
60262.166538035
86331.985385818
85592.174010183
7898.514770555
29628.546073641
62763.692425111
42333.917117339
27998.125437250
63336.053390723
135097.166065659
82346.163691163
30736.725151548
52654.073634853
51983.703199543
543909.256882356
201822.258181695
89291.626009324
135651.182881357
67548.665467650
214688.948327571
211836.233078094
122777.441467494
120854.684667141
3312.715391203
64508.795577279
99140.566987202
106915.296256724
1069235.439767432
78742.339243166
170059.073535380
84921.483821981
2268720.906110754
2068.027553142
767414.336152989
71165.148481426
113610.919927269
56305.371350985
39580.625467291
94670.726325255
63652.877893832
525979.939100380
42889.451717659
83119.025117564
156058.831952242
2313132.413511457
893877.770234786
92349.250691169
86887.691371257
640402.802671221
125240.871556791
780809.057912023
136109.986702691
347973.360420154
Case #6: 
44611.042055215
51737.708097562
67606.576021306
42237.704384076
54203.641458953
63851.296729470
44083.030192635
49479.326928500
50937.925611048
47510.412605235
53624.522817503
64161.434144211
46127.612543143
48131.435985088
46120.757264399
62430.686729722
43706.526754518
50006.730983421
51975.548835951
9726.535752931
78443.921996311
69229.642908765
43861.555018106
48212.260491276
4517.470518575
36321.733446315
51503.518669981
101338.937959424
52435.389293610
57013.299117065
97115.265668741
53563.590801225
115351.245252747
61987.832241564
53658.154315653
53008.130995665
49090.294564841
37797.523261202
48544.558062570
100043.108497068
9305.865314518
45329.115102112
55387.583093015
57155.839792643
51461.914651967
57004.013575052
48844.358923293
61427.382523767
46004.017519315
38559.938298995
57297.392541522
11956.236033457
41341.036429774
46037.137348404
29538.666272416
47408.253546633
50333.484621317
8196.985974512
2072.934649760
42536.698752369
47287.030418304
59525.180795240
51978.937554792
47452.540402331
45521.503307612
64442.366765076
42033.354852723
48613.919294118
317333.958169807
64563.532412062
63858.498546641
48477.975877295
46623.925444300
19090.933194103
57013.120788634
58019.504572481
43851.882186801
56520.538047122
82300.016319172
45774.462594616
37337.961972181
152003.977312865
49682.508656353
47804.543370328
54588.445232787
48566.706752149
12253.253887426
48805.445534342
53336.601234891
43965.397001676
73014.666642798
81349.861563780
52804.856431548
9811.830475971
56689.481777762
69958.415966775
57936.224895346
55264.879440023
40243.892850301
47938.327377283
Case #7: 
999999500.499957681
999999500.612569809
999999501.082120419
999999500.635865450
999999500.634493113
999999501.004987717
999999501.234365702
999999501.236611843
999999501.476771832
999999501.024178028
999999501.058543682
999999500.985801697
999999501.385588884
999999500.984762430
999999501.173384905
999999500.998945475
999999501.082281232
999999501.412979245
999999501.577350974
999999501.638085008
999999501.374447346
999999501.428966761
999999501.340451002
999999501.542435765
999999501.455900311
999999501.493288636
999999501.458893776
999999501.764602184
999999502.196463585
999999502.306858063
999999501.858721256
999999501.739898205
999999501.955535531
999999501.655595541
999999502.044471383
999999502.215504885
999999502.734397531
999999502.772544026
999999502.624696732
999999502.224727273
999999502.565583348
999999502.568262219
999999502.736907363
999999503.057431459
999999502.673594475
999999502.941318989
999999502.423438668
999999502.616960287
999999502.523067474
999999502.028346777
999999501.751537204
999999501.360340357
999999501.126536250
999999501.550115228
999999501.247316360
999999501.198901176
999999501.467118621
999999501.799535513
999999501.841782689
999999502.066904545
999999501.696766496
999999501.241704226
999999501.748358369
999999501.396969080
999999501.893123746
999999501.853432417
999999501.462486744
999999501.620538592
999999502.117983222
999999502.488679409
999999502.646194577
999999502.525254846
999999502.508576870
999999502.954648018
999999503.109031439
999999503.104823828
999999503.183943391
999999503.057378650
999999502.562866688
999999502.495073557
999999502.801046133
999999502.581027389
999999502.239612460
999999502.486324549
999999502.642968774
999999502.277550578
999999502.809588790
999999503.040486217
999999503.010921359
999999503.183274150
999999503.635123134
999999503.730430722
999999503.306125522
999999503.446482897
999999503.126889944
999999502.940291286
999999503.352834821
999999503.520445824
999999503.850290418
999999504.034363866
Case #8: 
131183.464052381
4097.635287292
55967.376575048
11942.693111854
11463913.128061524
30048.093262972
4304.955831634
63758.943514625
277152.581646704
60286.520593652
34982.342841473
99909.289728003
60219.849108958
15647.865817094
76298.260770271
44481.558860796
36168.840482112
107120.464233359
143516.745030056
124164.260462209
25743.953126390
1457.473894352
24.236566214
28917333.521220136
23887.336829287
13253.784970372
32558.787837463
115081.814451421
53311.781349702
73094.996049260
53984.691964658
114306.453470338
236436.421719831
267034.158050961
135136.452839398
20029.653329928
43906.918057717
20567.492367721
588818.094091073
463099171.855669618
117419.168115012
34026.521396117
79191.390007588
20894.494178452
Case #9: 
46534.850785690
22780.625645200
11278.935374768
5159.420591033
11393.276623602
Case #10: 
69874.466574652
97503.000000000
64014.529303035
5.000000000
79580.310228096
61352.375544880
752822797.000000000
69853.301594426
69874.466574652
97503.000000000
74689.301871708
68664.952948922
68664.952948922
79580.310228096
752822797.000000000
64014.529303035
97503.000000000
698.222743829
97503.000000000
75926.730304048
69874.466574652
698.222743829
64014.529303035
69853.301594426
90552.000000000
68664.952948922
75926.730304048
71596.794970573
71596.794970573
75926.730304048
71596.794970573
5.000000000
69938.000000000
90552.000000000
90552.000000000
75926.730304048
74689.301871708
698.222743829
Case #11: 
63759.203245851
25102.741951702
36195.569503628
19676.970797850
39153.442222155
41206.188402068
33815.946155387
53159.418083439
38328.589690364
68738.279578692
22509.152268105
43288.523744749
41208.334457112
37030.338169319
34930.215497727
38430.045220996
58399.004843056
23407.317464137
157467.754578154
66155.265415957
42919.722037793
50289.969270788
90787.324298491
38058.747307899
113685.704857277
25712.142298405
33122.820204850
39687.657205448
34825.078045572
39967.256194373
87820.879038716
354772.091139092
40109.254970757
50548.663376508
61866.143261385
38725.574815467
133905.729972578
15615.507348758
53059.558785046
26610.423185244
35903.314412882
38653.885199289
2731.979661871
61529.843811138
29037.018834829
25757.438882864
58222.965864931
41539.354900137
36113.462238130
45454.169589738
46216.568592788
29583.984826060
36426.921408981
107111.411019528
41581.871765388
37997.681835810
197979.433248046
1944.072645205
40894.346815151
17062.540656535
57814.113975613
23105.188454031
45017.859427946
50407.101952388
51316.313003825
36311.407041895
43513.768558810
34405.542431727
40591.969715790
22448.957722696
44.814787601
30078.953438471
33370.190616298
19775.402421973
41881.672738130
39716.555524107
34856.335925405
37707.432610883
48013.636948254
38431.274557301
41588.053746491
43950.151430906
113809.958906588
28833.452979481
41232.177776556
43500.033461855
35560.517321809
35720.571432995
38148.130571671
41278.337411642
55716.327023807
37343.647121682
46890.434817922
41268.872156992
41292.485716954
69691.914505031
39758.960718622
37351.081881460
22070.480678891
31543.166848673
Case #12: 
516882.183204891
68585.062057028
278357.580121080
252325.886299439
79978.384835717
102743.563568378
191.550380208
6308.859472830
769152.690037026
476496.134200385
139043.894300455
148591.496208322
11448017.671327865
46135.072214117
5.000000000
4338067.898528945
228331.580178946
2743117.612724434
170864.368494032
187335.029168348
282266.883436410
4239060.692206707
1770937.568155808
130579.784184274
4239060.692206707
26699.824502816
129450.203571261
456713.010287677
199867.323537943
633144.765686958
543939354.455769062
95947.883583558
201880.055323075
76728.134229492
215340.815243271
9416428.818789300
553494.596810666
382738.146416332
19976.340119323
543939354.455769062
41142.312980443
95805.136285496
387423.621315569
382738.146416332
428066.365552079
266761.942595330
271137.862944379
85515.000000000
1238570.850118118
263373.549954439
316662.769725419
883.696780576
449303.180384582
1152137.730830468
104821.150621851
456713.010287677
19359.554434288
139660.958377261
106976.973701857
152459.964378404
124053.554208797
35550.000000000
158880.225882480
2918588.911669111
332626.307003182
862828.316846930
201880.055323075
1237390.475872395
846452.537285715
115044.576352891
8036.049056704
537813.870862669
114191.547394654
46934.613833574
235390.686995401
44976.799938176
73044.917619191
131579.907710174
182186.274859182
Case #13: 
3190147.217034590
1969774.172884153
114.239161397
201737.635781630
88110.621079567
52439.479587466
22054.532346283
147077.172666294
6985.000000000
35013.022024793
78448.727157901
10355852.040364241
54557.791579331
133314.129918152
14735.820568370
107225.819548912
16583.838608902
523604.832904028
296835.419752728
186681.431862057
85415.715215594
165631.746484178
301833.203902715
201740.375748455
43683.569647299
236996.521882595
170768.657590346
2503.671245278
525298.633827952
69720.257118990
115333.955560683
80017.474522031
39224.884907064
58724.791178246
72050.601226421
1120019.811025309
134751.770165806
89006.258573551
17726.024363303
100469.526133064
165966.069439296
475601.833963478
246556.102440597
183889.216063073
Case #14: 
16250.691521725
12393.435028527
64339.061584558
131762.205058022
31808.139379710
63625.196411610
24664.299642325
28753.611081926
15162.033097722
41896.123678457
1297104.459914474
26555.903756686
12212.482340567
123865.171451682
25504.911648458
7886.310032158
9413.987659046
12850.069616973
109275.240535762
Case #15: 
15451.920905040
35641.542979094
31936.938864595
34318.620258157
17988.808188577
57744.240283562
29136.886555056
25515.050840304
193806.355329372
20328.200018997
245931.711413452
33381.298760591
56812.560822625
20004.526174309
37745.682392169
9440.855268460
30296.265942319
70122.793698309
Case #16: 
32063.501760199
80994.915814134
81661.164534743
20458.733885573
29339.016964870
64523.470184778
10946.075034458
24337.248890848
64569.817801254
46836.778986085
35639.380775333
65702.544603971
23609.267164479
66382.619126034
22808.308569407
5855.862661186
2348.284862537
29966.559781689
47261.274549645
24682.191439542
24391.769575057
46619.502381075
16337.715507781
20947.613357191
616.497467328
15858.324955658
345575.473710098
103078.670854077
109107.084887716
15237.100841135
66492.684337762
107925.023287111
32319.533563907
2792194.144884354
396947.476559721
79116.191487674
1750.486484707
40820.721150253
138699.291649000
11515.393896136
9635.297828060
51452.281153225
1435.102953543
77075.513435867
31108.364728012
12315982.644504251
33419.131538340
443016.521067053
42908.721880846
51984.994204143
Case #17: 
42152.569054094
78280.467684351
67926.123303746
30718.436270293
53690.855120218
35885.331961939
33857.857490724
78793.005689699
11387.446522482
40134.104576803
41321.384918848
41637.525880528
76966.891166836
32453.978050947
38995.080277617
39074.907439024
58436.930882319
37993.672885681
36146.265587785
30274.657792017
33065.936428903
51733.787488685
31424.786117331
38940.759963879
32971.338691082
24854.180892916
60788.683479075
38165.955255081
39313.270593456
45928.953562246
22893.776103417
56053.125840117
59614.132997537
36866.083094836
41445.948619296
39493.178353278
24644.832885119
33219.804850555
35808.291212157
42984.179831865
37337.666145250
66011.327911069
18756.844021930
18543.789111693
42932.539783312
44772.453246462
43052.957762608
6356.987708840
35134.513570655
44271.782503521
34533.675251730
35934.308721090
39277.859291583
28850.998332021
59370.401037778
43503.940957721
43726.984808194
19563.560130773
34341.029849254
29973.205296381
37300.371152998
24094.006321660
27439.469952518
40441.380192689
18451.724630384
78880.242102668
86281.540249196
3678.856398094
242930.966405104
46869.165345162
17487.184965200
77353.975796084
9217.372769485
42453.769215865
54693.563708770
60581.226724690
37451.751090984
34556.650999975
32315.513151265
58076.750387440
40906.779889914
9836.827051770
29756.815638280
40409.318207313
35871.177915688
38865.040859778
37142.293070341
41812.568651133
32226.460763897
30669.211922740
16927.277134016
78577.742672662
53533.771368177
38777.824559238
34184.967092932
31456.752795355
39672.542510947
40338.431388944
38580.816580134
21451.202403205
Case #18: 
62201.800453523
158477.578976601
83856.008643507
89113.893521327
38137.643427754
5215.000000000
29168.654117089
135828.471785158
38228.436713637
68983.542791615
180131.337538131
66390.549894166
118.765822453
14862.729332077
24174.863710424
268821.452334022
2479.157405807
3738.328424169
47402.073984022
510637.911848393
127920.090240391
88380.438543131
199871.365206898
336637.559755503
10873.660532147
112608.209838887
2398.075401898
17874.891379945
Case #19: 
3826.297679597
20889.863538795
17144.452590465
10245.822672364
13831.942206759
28740.447488563
60151.963260115
22061.217640095
6373.023959984
12894.498293598
24817.023693230
12061.762608973
16187.817103270
10665.617506665
19264.975401570
3386.852246085
439442.131372435
42708.951923276
112077.822128393
17321.325709889
16307.586790863
201.156655371
13129.610593381
4205.329497352
6672.278530234
15402.130135332
252492.199332668
18674.673130750
25587.811906117
14587.021131533
2106.231897665
562330.122368067
6278.518167018
12003.634941397
23578.316181691
16780.767613506
17522.619866771
18297.744812065
11527.016121365
47740.543933437
31.208347999
9883.533419476
12326.462255086
15264.910791491
27053.493194760
11053.842132712
6540.874142259
48820.216246268
12504.322440835
2373.714899078
25.620727029
39946.781378102
5210.478257939
12666.281218219
11113.585045346
13236.156286483
14278.038407602
20316.511893909
12001.337759692
26765.861955568
19851.521796339
12376.920624340
26691.711543101
3093.150023433
17335.805135131
20173.176262923
11229.816338483
11267.737282713
32992.243734635
14662.629462131
12980.492294409
14668.109468719
291.663529957
11424.344564415
195.861626615
11385.983542253
9422.687870809
21841.134676664
13585.437279672
35845.021167899
13517.496067838
20822.866120261
11979.560097327
11287.780242924
16520.002450846
3.000000000
14829.492651456
13517.496067838
39894.173355081
18319.664777636
9499.051348455
Case #20: 
122540.918441557
2648.971969296
3.000000000
3384.982031103
240248.990165838
2202.348793240
12281.660715420
6653170.572813688
78714.622453519
6573.261812386
2359.756530192
36909.800105775
188.822983053
2468.160658640
47909.761686092
41766.767111850
2519.964006478
37961.856220741
10870.121161194
43985.015404793
3033.749929337
3384.982031103
63535.619962349
3205.529942333
2342.159793374
15963.318164796
49202.763414502
2342.159793374
26132.677842117
9262.441634626
47026.579259280
5122220.816515831
7846.627215062
37246.911903205
1141.829216783
5091.192544245
13884.833792452
352368000.000000000
4119428.420545743
3391.014234274
125716.584899110
45279.889496160
37246.911903205
4507.538688374
13755.364500501
60488.912054465
2468.160658640
57545.513391652
Case #21: 
14801.642864591
17599.150806731
19001.505462657
12226.407491938
10695.320319838
20583.358910397
24452.798991147
3201.006210384
25034.439096012
24326.167953356
13224.079762746
13739.275603718
18222.016430866
8873.298442171
12970.062798083
1060946.132087360
16127.424551415
14879.200357051
17719.898961891
9279.510447505
9879.511525500
13339.420759977
20535.887767894
22222.543274775
5856.694667966
15797.114239642
27771.676532087
24548.475812454
12680.629774723
51971.564517427
17057.040214683
16991.919382098
30471.294909997
658599.766327383
12730.344135512
11551.885855018
24052.846420814
2163345.166359266
22835.035005173
11200.184091510
12211.467847888
10626.169584110
11245.745616391
Case #22: 
61532.164896912
9797.077603401
1527.178423987
32703.790187281
388030.866930448
3305.901607595
91136.139694024
10938.910392595
281237.879393363
39480.293599226
37811.139385180
97579.931237979
6163.411227393
112.033613428
24602.473711833
19612.807687597
2902.872211008
39023.509566140
28339.964265321
10104.662602889
7520.345788927
99627.442076869
155311.267140188
58308.806179454
164464.378922726
22189.876411139
21624.034932839
83291.949061332
6852.524835656
1571.865605620
21066.504268465
118162.526434741
4524.419218751
67962.798301160
32554.469651591
30129.830710056
118670.078348434
134649.471308017
54979.741538381
36589.765062433
6508.166641226
9923.625335515
201573.232903506
Case #23: 
62595.130258536
44824.052534120
52170.953989704
30358.740520082
36913.000000000
60409.245019738
42800.198425658
111350.792403274
65410.864527133
112915.077385568
128727.816767533
34400.496202817
7052050.881281062
35289.936610370
528.097509478
74192.465877058
110348.411657208
116667.329815706
53280.237836123
51640.321630104
55705.949793563
61930.424380403
32831.184345808
1784.159602867
Case #24: 
43759.603696415
248326.583774910
60657.038359143
57861.568762205
55324.338077136
52908.101806627
17117.552923469
47252.585271729
35843001.403292708
71959.406313176
46100.005939148
37516.683566021
45204.647597887
45068.961188636
32471.643026591
43567.730639444
53579.950618265
52455.423522057
36093.545933458
42935.533920493
130702.822343090
37240.526337982
18395.445349889
70077.496927746
32057.299312413
43590.569196659
94119.381678859
16553.648458690
48271.179073482
42302.481787062
61692.166221848
57332.501743457
76393.279838185
58532.831804004
55941.109869166
11486.855736573
93983.241285170
32907.637067444
41692.767153493
58819.592297961
21222.432116236
42513.487470730
42504.335939606
64692.825335863
47368.110857208
30206.977476873
68503.948679022
9300.087881177
42444.808708277
29805.088338599
13132.461791242
58842.244438921
35855.355993440
68038.354957592
45628.738743125
65317.277736500
49975.415419438
17546.399865935
18139.428776962
37109.780151260
38318.067776088
40605.386464494
64470.972440770
61693.366246254
72543.341141841
41485.314593634
7612.487099981
20256.196929874
41131.894832333
29068.613612555
34500.033287913
34630.114772993
45758.221210117
56953.336660817
56604.621499350
55069.975153586
53397.097533342
74718.229825264
16531.883530422
62429.401321576
57197.592089289
66627.541597249
41504.043350135
57236.284512737
43993.747482968
41218.974388653
25229.413919452
33605.461309576
42815.740886812
86089.228049590
47123.046756064
164251.716788946
40431.881134126
55129.855255810
66686.002009258
33197.630456469
42285.403825457
50895.751281748
49325.951103838
28336.081765550
Case #25: 
47137.760685523
60551.078983954
159274.816305906
23901221.048765894
30304.976170078
35882.692171315
71775.836503346
94130.928837203
15434.605090143
53.352347637
49033.156584572
51618.471575127
54873.627542944
50900.202834947
42986.741595417
26241.616539901
93639.633845808
74249.841663219
110207.002307692
74487.361058551
41570.461241555
52003.719773373
99766.396676686
60166.968131107
30749.512751212
128048.880532390
33804.311192676
94084.006038553
22801.238379179
20805.812949649
94234.899617568
29659.747195365
100197.749917440
66842.651216082
61873.716495191
54124.137764309
26854.653417235
90674.561773887
48043.370906012
51857.193022138
54085.587485646
93924.871830300
100969.813517179
103203.022423121
64911.088428651
36735.172115944
47615.013007151
103970.780912035
26763.558216529
97831.901248970
88241.914442185
35027.923652010
68232.070208961
147134.334365334
58324.917180048
145227.637715306
43212.291560947
81402.391639089
19052.576827868
32558.743856927
60280.673755249
43169.903628003
49422.433738122
37603.752732937
90274.000981757
39051.040165675
103129.859756737
109543.148726956
40270.071480186
92624.485694508
35254.725917366
31443.330702884
144885.553016170
58213.907436282
60678.337142125
88785.933206175
45565.752155868
41080.016757393
133475.309372020
52985.645049478
735640.594475947
2325.931775977
81499.368636005
39431.898342289
87658.005671524
63392.857745639
61459.676077368
32455.802462703
3776.991920059
58246.551065080
25373.757314912
669897.139132360
40463.590591957
26711.568656804
53576.075028847
28687.120395088
39800.178222301
49867.753508257
69028.606468775
39782.534344927
Case #26: 
4364.087862940
4552.600720831
18159.817624727
14073.145992225
12641.257499040
7175.915967677
11431.926357299
7956.957454103
3481.171054548
17531.475054618
5223.083000845
5581466.347340634
15274.824943530
10157.854047007
7485.767594796
18982.303616826
2066.682067465
27378.865849580
2685.934409521
4338.795147059
29833.122988097
11035.711624898
9904.251678124
101368.225045676
Case #27: 
47019.727891919
92824.108029525
7789.970891138
6478.462534826
75216.730905547
108245.796528793
35692.194679019
124324.095636883
134289.002305575
81500.876617491
2707.664154545
68320.937143578
55223.820801386
81507.415406714
65192.585000495
65799.780994759
60962.362468945
59138.462642084
53857.576238336
53057.478658056
152740.201049045
72496.794968277
712957206.000000000
47185.151717115
7765.505491896
755687140.085432053
53251.724804237
119749.608169893
82875.279467959
60415.879999386
4789.528649944
42130.260216133
133290.005850331
51310.083603017
44150.346878517
136879.538575828
22555.316331222
114975.350966089
74530.219199039
59699.884307303
44928.501697585
61062.057256519
197290.437707377
73723.392077982
52134.430562472
20043.301300060
60172.302545275
59174.029335689
72551.754061524
55865.249655348
54754.990835232
47677.532141607
71507.902447152
74101.655308862
38926.554635516
79055.363243737
47206.082339404
65232.017868439
47204.796343584
111064.108204502
99042.970164473
27365.288359077
27718.712357981
48959.134275325
92078.153891138
46859.970239864
97798.303085540
86035.076752178
1566198.731485907
67875.741940696
4664.219538264
46512.901888257
93869.680853719
5691551.226793541
84270.169125815
56251.485572812
89378.668275228
44537.990998592
78795.210066130
218.571031996
1207419.196293221
64472.853280362
74596.844757805
1048254.323415421
64619.610825299
61555.490171661
92891.626531917
51829.533744388
83632.880064663
99850.419776470
83728.359481500
Case #28: 
34141.053346426
95732.468408626
37226.631571943
158797.669415613
46866.210939292
3288.026909170
79328.441143586
2376.219481156
10486.736407923
4524.212332841
56922.726312225
64463.326830352
10939.759450875
37024.465180347
70334.916700876
47370.622667779
42526.903952484
41294.043412799
23942.734558286
17475.002083751
132052.764992832
18279.153891356
27972.676965845
20080.658066689
51952.787123909
78413.221817861
52953.837245486
9050.308227840
56028.956067232
92304.594607042
21582.192569669
2523.255017598
81383.994528109
27002.230173671
57332.581230223
168952.662365623
40154.326037634
25544.971852812
60161.442934731
552494021.556369424
130495.291486310
176710.773617554
29814.082181908
28731.125190334
71614.916220580
40151.702031630
60008.461138981
14187.361659350
23699.856981724
15392.155249872
42851.693709611
36544.669061141
22950.784183138
5861654.239832831
27309.051673919
11083.993719576
Case #29: 
44053.198298687
63507.835838671
35901.034457404
23217.723473364
56925.764930318
36418.455923617
18654.577260514
44764.320577161
22286.419340426
16546.291096991
39191.471954474
53621.025099099
24407.433635844
35261.501393775
27436.378908279
40545.335976934
51114.413932762
46671.102212520
62114.432236287
27126.896083420
33808.607866884
28916.739375251
12180.597719806
113317.166446998
17859.381174276
24381.504894079
23669.668760628
25456.140137492
19453.137620158
20209.689541149
29167.840247210
22854.455576621
26739.753407970
15245.980171114
33271.149622289
28930.919066350
80990.732563932
19449.479528062
31344.683258803
32149.634819045
26202.141008831
38639.145006008
23856.263883806
29394.782288434
66804.659066252
38556.803172030
25632.034510744
41630.839137023
35278.996895774
38885.629910079
26662.749183999
20202.287467210
28176.958190590
25243.249287199
31905.400658616
42948.051174699
100130.490246197
99097.959985491
109107.743292688
43079.654227086
14212.064990155
24820.424785226
22827.979588771
51899.481636492
14876.694351205
23327.024499023
26224.314638763
99233.903037338
32271.778672208
30100.468839964
23526.092552701
42210.480519753
97743.483688910
24336.232505399
33031.014627244
53922.051074743
32813.337901373
37880.594751896
37077.712222727
18635.155072143
71428.080576664
69179.105558714
33890.177996624
20312.793893049
18944.176973954
73181.525666717
43102.042900404
30402.700698710
28638.216043887
26128.841626188
25537.909872734
17999.439394007
62899.253421009
26455.212517578
26123.056654633
29205.887393682
34616.282224777
42776.949782498
24149.124256537
55606.866907793
Case #30: 
1.000000000
2.000000000
Case #31: 
130697.315662052
269121.401719782
41219.171381983
468609.169842808
245971.273688387
411344.430826922
179104.681920636
117434.953107272
105228.678019271
259443.930969360
312793.822316927
233148.080222654
135187.727676125
332308.382527393
269553.993489950
274460.209203543
389921.697417987
134134.656823153
382932.924939315
167615.641857507
203166.043015515
175289.292280559
285762.539803145
217492.112241422
497570.629959137
162819.911546066
Case #32: 
14070.824488933
68799.014480972
128.623481527
7960.315733664
3254.137910489
97254.993819735
111510.138375580
347450.553189231
15189.753937694
5733.312241593
404902.433981275
10296.799566350
17436.300228799
960088.771601502
15887.903512871
8266.662298927
569507.637762028
53.752807785
9689.886918910
12860.559621793
Case #33: 
80934.096520145
12528.443742700
4848.065203956
35051.936496237
14216.651080872
80626.399780720
34625.269865050
39427.406479246
34030.147159235
28380.803180908
Case #34: 
44579.625413433
84661.290415383
27224.926623043
70657.747800546
18393.599444274
80468.645844666
65508.997784548
48526.982515832
56085.506563069
78032.314275629
48596.399192773
23797.114982248
12528.389563549
13003.594064190
57199.956119696
39230.943713047
79338.869708913
41932.649409169
86780.277403813
21672.415759543
63988.959055718
8303.372012963
24486.887041425
32765.950487673
25472.243631733
23957.971200354
182924.022026547
43138.332840690
37906.074102978
33439.857597489
49959.123127458
61250.025133078
188883.778358280
51772.036554002
85969.318741045
50816.365616864
59998.102262214
57977.538590108
38836.875587789
Case #35: 
5724246.675327680
181.016573827
1.000000000
Case #36: 
627240400.000000000
627240400.000000000
627240400.000000000
627240400.000000000
627240400.000000000
627240400.000000000
627240400.000000000
627240400.000000000
627240400.000000000
627240400.000000000
627240400.000000000
627240400.000000000
627240400.000000000
627240400.000000000
627240400.000000000
627240400.000000000
627240400.000000000
627240400.000000000
627240400.000000000
627240400.000000000
627240400.000000000
627240400.000000000
Case #37: 
8401.012329299
32923.819560362
12986.039654270
77157.975761985
40394.172258921
3523.889797959
20277.070895283
23394.673315178
10467.066505116
35746.580022121
2489.131559009
Case #38: 
5960.667125699
26104.209139576
20048.394933498
23009.485348887
321.347797979
76390.538193359
49209.262859526
20015.046046804
21180.693946654
13897.362083041
25772.596723085
27165.571669336
23545.098441916
18084.706085073
23084.878315983
23913.595494248
24037.584663468
8.000000000
13777.398800397
20755.072798712
30932.371798807
29639.165853897
8816.098835529
19275.828427245
25523.036031961
13190.332092129
18852.649898444
29596.973324760
13701.322994546
28788.019971825
16789.392201901
7711.738883191
19491.220157180
8579.260665946
17912.525168805
1023.496475038
21630.947962875
40789.358623872
23716.610111021
18851.670630643
15944.065157687
13156.352746512
20224.743149273
196261.652817445
7416.832458774
5875.438751860
27543.993043176
237005.961014600
32756.724853663
21538.242169685
18338.680654046
27895.908661866
187965.377866597
15504.571917778
Case #39: 
16674.705850394
31320.215950433
36244.234881317
34197.502948381
38259.596549670
58056.392487320
9354.919729736
26055.805342979
55771.575434248
48322.862853447
18002.659233964
35473.217908104
53856.013707306
30373.640809008
47543.234362906
34605.214812159
93001.276964581
124357.392104458
60788.335957390
37755.865056137
147566.839539602
35198.596062563
26187.406052101
29286.191108325
41713.332073147
27232.633185520
75121.981510244
38949.911162778
40574.503802069
48532.232637766
14460.332138938
30918.429987220
85751.808654261
47231.677402842
28710.270460110
42764.557500753
6892.383285569
33838.739130544
54476.474213500
65311.121283052
30321.642695920
37810.882053116
87639.009584679
29179.245971875
49149.968696287
38053.626480625
36436.987461909
36864.389253202
41908.629491541
15166.484944805
48185.278569433
18185.177219339
33120.039557877
67470.224320092
44587.533568839
16790.362723433
19766.654723214
53350.385548341
155498.494295208
107734.138142576
10113.653376756
39961.843837121
4027.598934304
28404.469399612
43990.564478859
42106.600444178
40969.411967354
31140.977394272
46175.743868985
38762.262602446
38467.994121432
115153.638517577
31209.779555490
33933.821490731
45163.780458862
30721.509140213
34167.939598192
36109.896706970
26877.374542439
49819.546925848
40699.786630341
45750.986435827
24482.666088617
30367.875589470
175893.367762675
42592.994356661
30712.190874596
32781.431118713
47547.462054092
30764.811511138
26208.703809751
3250103.303675403
56502.757795347
69423.873793330
35059.051404082
46655.535253956
45288.242654980
23802.320417735
33452.147600474
22547.263781143
Case #40: 
400883541.309837639
496504069.054642320
443704758.485926211
Case #41: 
228574.342875170
10300.995866978
687982561.219675779
525209.675618467
59569.246803990
83623.582228485
5355.272343243
2121463.495977928
62098.790382062
354256.423467888
339471.782235256
44617.806280395
1404492.434158362
121268.885476407
441705.409187172
27942.859817829
41522.930517246
62411.591505190
26171.265265832
84917.824896669
10701.860349620
364719.412267002
38438.562277681
70622.032748765
12527.000000000
14565296.292065986
6.000000000
62627.986520334
317567.806589404
85213.772067954
32780.787219513
94859.857760215
78488.629099317
83113.259948313
20707.234468507
94493.287144258
26312.608063626
85383.693672452
10678.411877616
76240.845236245
149727.902263537
78058.712767995
384974.977877868
214911.710903774
20210.461281197
34106.033615115
98449.789847255
113827.515662142
300575.771096147
87719.086949811
323329.612659857
454491578.000000000
59535.411869705
40284.223405128
2674.676957065
916851.480088382
25919.050266277
13806.919907376
44588.501535714
52395.267687736
74329.716817485
15444.877017414
36265.670906346
40350.982801083
538120.448738124
29426.629215974
290617.159121187
24194.493332110
87061.677137429
140012.444857492
116171.894274639
832861.191827481
27120.932120994
60968.586429438
90621.260108562
60855.844797176
94238.683839202
183798.407229623
20210.461281197
91436.218515847
64357.513446466
102272.337438087
2112051.927583068
101971.340010840
Case #42: 
106412.562013121
27596.822053190
127276.316682919
234484.427308387
46828.253640419
27788.111700047
151284.301271987
89642.807842317
73496.481758396
435020.905762256
46240.062376968
382588.946610766
86981.152706769
249889.530365428
26241.148137222
94633.300784887
20909.820801082
122314.502828013
606442.421000180
13842.625818853
706281.421490049
102361.970007526
11766.612390979
141702.236751711
8.000000000
4791.138511098
56759.240290594
136650.727227185
20869.477242856
32656.829301472
188846.289224243
339493.957271195
22448.454449250
690748.208342291
720401.601646580
16814.126275312
21750.939673145
84230.447490560
77479.001765234
192111.633014179
266902.069742394
22479.159133419
82273.326219408
64838.465319272
486990.080624362
323027.247228978
98422.079061192
244936.735112076
2801954.630820895
100389.410136732
477469.764242944
115441.719142676
103544.255310465
6785.134741449
40496.554405699
106116.212448406
7272215.993331994
98191.875466394
172746.179196744
145502.789652193
6900.143199174
77026.939616826
95066.306597998
191007.532560265
27206.417305517
112208.378631041
27889.019266205
464751.517072780
5067.081250829
95629.184538848
118860.912845274
18860.780907723
292408.799388126
1040878.607181814
182020.334238492
118684.099378543
18927.672908395
17069.067675150
175155.296349316
390610.967685079
Case #43: 
64.897291083
2357.046069603
3776.541080905
246541.465951802
2261372.667293629
791.364311181
5296.631686060
165107.940079905
53340.759892904
3090.560967589
35123.171535866
627686.875566150
440292.170507978
4681.437736943
872132.930520210
646870.101631925
87197.868664011
214185973.446757585
14950.309633659
1058279.437139381
63570.282992366
815798.549468811
994025.128396619
2451.426699785
1347577.851812390
808090.328327671
1399282.774232297
222402.634356915
259.679913425
6863.920805948
3818.017789154
26506.048581986
54309.604008469
5.477225575
15834.686756067
136110.227987463
144.869879303
32372.925362700
36807.441507396
6094.232311575
4.000000000
45755.913056156
5.383563271
402.284734067
Case #44: 
24381.064891964
38161.742602541
1869.257276714
75247.781064006
1430519.859751692
36069.736517666
2578.341912391
11102955.255436329
124.540478121
186493.281136373
6663515.188247116
51106.707384840
580.647913972
33818.448275642
22951.440950571
54095.977679858
65453.748475004
42782.109935298
68265.880506502
12610.280801511
36120.757961915
34241.121456997
51180.461206471
57986.453299238
304.269617280
9006.306064688
26076.266403978
25928.264464960
25991.175567314
13614.165412995
10.000000000
54234.193199083
6194.862426833
37130.405148519
17373.259559878
26511.176486553
140409.684877956
49594.554849311
1512.675835653
31405.475078917
22828.408026234
26695.508122246
32483.892176481
109423.879400382
56851.260297640
31888.833032477
304455.237630245
34164.848412771
66969.201362594
27748.567676717
42813.524003093
339993.921959173
15088.216569757
34368.566673952
20955.369815644
24830.404209999
18585.445963138
26644.747721867
46293.162764050
10914.255274971
20305.351227874
33076.022553984
12006.544320215
41720.005220111
24707.980347442
79498.573140299
28240.688895807
41069.013623323
33625.257560352
20705.093887493
5094.605968470
4.000000000
10885.799541858
32044.496564766
17753.547635962
21904.244919917
33458.300663882
97397.769870661
150131.856791346
46079.493712180
21950.883731354
45317.008535255
20928.792571828
6351.381362969
1262975.738477142
5526.831414157
16151.596807621
45061.752687646
Case #45: 
287570.886732731
107660.093534748
57112.051308402
47276.263246805
66548.145869138
230997.940992331
45773.260923491
43667.567621749
37774.364434870
384047.855820755
99134.440298038
104566.749057745
2591.458942966
38977.221032525
1.000000000
2330.048313464
47097.000315503
61764.588169685
4182627.848023129
55612.159598511
1101412.021792393
67478.717954099
61373.663119588
172769.496649311
70749.232893702
84115.915699215
82311.362526160
49300.737184338
212519473.000000000
40318.888870166
20155.679522596
18696.539681398
1548818.849628508
1033.606494939
68919.989686775
55464.586322880
40811.685960404
2573.312077084
63101.992478958
866347.848360231
26485.851410128
26485.851410128
88984.903483681
78897.448120974
229267.644482707
101498.538081619
37006.513838567
54900.506590292
402616.161792164
21017256.766828615
7494.908252585
735780.353525355
597740.373911543
40530.952370577
9731.290051167
52995.055018863
2213.553660043
64494.871618657
45713.749157439
2591.458942966
78897.448120974
8848.829744703
47529.199125625
452330.513104623
47029.871631323
86949.052021158
131294.927105763
45910.663008950
58365.104378454
10209968.057964450
628442.636448521
2358.332078831
83632.874732037
131919.257047306
78812.256285041
100381.508698495
64956.191562702
2.000000000
159875.120530057
47029.871631323
403547.621324276
25157.412502310
1389168.518125221
62548.072506465
59844.454501274
189132.806702261
114610.418911654
61840.777703017
89836.985089814
49381.672076682
115653.854266131
1817.699997838
101027.765686354
206533.042075682
36493.903788779
72146.904957442
Case #46: 
38724.304299328
16721.710906131
8462.615062328
28320.093558071
619067.539326764
225502.232875754
64917.414563968
133859.708088399
2145.366649654
642.013845320
Case #47: 
19186.640978298
3640.347376078
7694.986591469
4479.533329346
45941.888674952
21890.571867640
19908.906675860
20343.581104599
20852.457082460
251.608514459
42410.538451945
19400.379249885
Case #48: 
9294.891525893
48056.185725789
16865.284096598
8042.010304235
12682.266170243
8045.976699927
24569.075588477
20682.616070839
17155.464350923
26431.136017291
4234.251781220
11989.902309196
1591.404765566
6197.456099993
65316.937323510
29253.117982583
6227.079795642
227392.800528548
14504.918448729
8612.416173766
2703.331094934
14931.971627890
6394.287372281
8793.571497119
7436.526036828
19694.363125629
10734.873094505
5076.903232874
12430.496647187
13252.299013846
8160.393828621
28848794.890119608
2729.656516925
22980.537801097
17155.464350923
19827.311916025
7530.664163514
93087.081688185
5810.382884897
5869.789587206
22712.425462268
51869.562988523
9003.196436631
14544.358419529
7467.623052682
5819.874499820
5685.668018992
5717.492242904
47146.994305046
3208.071570269
5567.820929628
5832.905317062
22801.846416269
1508.775074446
7342.206877027
197476.904216370
98916.836282193
Case #49: 
45635.153906681
1594079.595464634
29117.047310901
46185.105171873
2800.214858997
17984.752645159
32648.833642304
30661.607059484
32191.753591919
52686.882665304
42779.338818719
43676.266762963
38185.526718698
31640.357065596
37197.705379711
30464.852937838
29565.521861340
24482.185260419
26602.834604509
32954.455854124
54633.355501758
42691.334731866
40386.982320487
33296.571795200
35516.279135305
36155.650158826
244178.830486297
42552.096670329
36574.911543321
42810.812612360
40053.769079486
45095.357347341
16398.725804805
46568.366373843
39594.075529671
31830.937333221
32520.107010914
7984.665178682
21131.662876446
36038.004978347
31313.551643123
32563.324766085
31842.349435245
45947.232343667
34595.200319091
47828.124543856
34467.746127381
22091.222191809
17995.701438344
35121.604795572
1543348.990728280
60899.555051836
36115.504247763
37617.467686580
24850.124411178
46303.359853511
21074.761281425
78819.650631440
32935.601811594
37660.443727732
38985.412214149
36104.608243134
31069.512453461
37005.422891508
36365.048375414
22947.304142668
62575.462166086
212837.450894682
46618.268478653
72314.276522449
37144.304530936
36677.512251686
29640.124715055
36291.397055139
6884.819308059
36911.971715141
45400.514093720
31507.388053145
40446.507024369
26799.407305650
8792.086234909
198876.569187074
42799.032943291
36802.555982010
39091.343511470
31115.347210523
928.272589275
38990.397928716
38498.467774538
18311.552439116
39189.082062033
38687.332108454
36266.527159493
43389.699660410
43658.643271805
56309.838355160
63539.413361639
40106.782588699
38544.706965086
30957.309411148
Case #50: 
28973.473764631
40775.314247553
29305.930731588
37487.120121235
33047.767948516
29692.824074946
36288.343220118
16533.249643398
29961.788785639
1773.757977276
6429.589876889
18923.781502436
26612.094468232
2866.508470893
17659.285526735
15216.748617164
429238176.000000000
22007.779046651
28711.609135457
108763.405292135
21094.714367316
35516.489280344
8454.615416125
24312.278392867
2888.911274392
10425.562428964
33756.130716641
37693.913221470
20655.025205667
36977.612224798
32255.722363594
1207874.565383881
26839.506099985
32984.413722050
32735.032656406
24101.660529034
52298684.546196923
22054.611312515
7040.653949543
1955065.147638694
50975.991691488
1036052.747519695
9811.124026153
36367.661471237
8002.597084626
20940.736495332
26360.363276448
24985.440021198
27767.938926913
40990.997396127
2283075.492139477
735730.501330767
771.299358586
58344.115880306
30286.728344705
16146.458303176
232021.768967064
30055.677765219
20853.648932513
28486.798150779
24505.058181934
19307.486414996
78306.335931627
29389.796153999
19533.922444433
9060.548605801
16287.000000000
17812.507367532
256076.216732429
52357.180104783
4552.663914205
27361.035968487
59031.853024690
32706.039565639
5021936.397668604
12954.528589406
26457.474061858
16662.891610256
29688.991169828
8850.715560714
10118.178688588
36660.052186688
21011.137790152
2384.026732573
Case #51: 
1336.302515570
3869.327946552
17959.629743224
143844.803610714
4988.653592274
714.456436741
6930.647250635
8685.329124922
89828.982521447
126.863639369
1607.843222376
2505.962970715
48024.477149160
23341.049423753
5797.579331686
1328.187850477
7568.828966920
1201.861557581
3335.015813461
587.337345743
42634.590194465
504.679987457
3494.747757994
23589063.695636291
11632.780652922
68080.797439513
2505.962970715
197595.860986873
1774.523955929
1328.187850477
5294.026420437
2539.710760134
1557.363976904
2639.157919370
11781.000000000
106.862022637
2222.866660272
48024.477149160
1183.631072092
Case #52: 
377005.430359899
2564.718219962
22092.886422732
26099.685226612
14160.377686443
7813.176111487
45493.486728013
21487.649759637
40005.157632239
30518.202986679
55006.197918949
32454.478187583
102656.210885949
27991.377615647
8813.996963213
168466.442724561
28902.481505426
18047.067362652
36155.201875731
59047.278103484
25234.531509184
38402.095509226
52596.596798853
104026.857177772
99043.175128954
79449.777648641
57713.885700880
42042.528246426
1735591.468125591
21690.882367295
23373.795291269
38252.479754263
20713.257134266
83834.343934048
36091.515559888
30490.079161743
31379.834664293
13152.425874292
59877.889478421
245813.012172373
24753.138009543
54247.403479994
44308.632254457
4771.754941456
38754.484607729
23560.609072912
18541.832095123
26811.966440576
62252.869788366
713105.597635819
2679824.314000558
18976.670846099
26099.685226612
57546.289379117
118079.501734287
28720.215292895
115664.807589157
85612.000000000
27717.409345615
68715.037554403
37386.488309125
32544.971451591
25700.235440994
44660.130854480
25167.858109430
13789.937431464
20164.452574052
51160.301421811
27045.971331948
7813.176111487
17090.369535280
32490.080514185
57540.113932576
2929.544677800
56392.763485032
68715.037554403
54669.388326017
38365.460648011
14927.279040751
39016.780234379
127916.645041383
38726.502789292
13045.938036322
75937.977129847
31636.881114654
59307.123810813
80080.550951066
18251.259633275
66353.286023951
47128.265477543
17090.369535280
15304.077051269
90968.508106921
12684.614357182
51356.806293844
68468.972484901
272418.807949964
44381.883752323
78927.210348916
59047.278103484
Case #53: 
9154.958895115
194190.299093407
186738.170621734
8544.386966840
1150.862508770
3426.697613778
11294.094062723
149.394294482
6038.810720100
6713.558891952
6362.688627330
52897.952956937
3863.139463642
1967.587152610
33908.344259612
19323.796831886
852.437471513
77857.666267282
5521.499734590
1065.063707482
8071.114341730
878668.589200042
1300.795804269
13892.215218525
11138.738987955
11742.441539544
80139.974861576
900.731671616
8544.386966840
1586.617381366
3747.951959713
508.188463127
66263.955655167
87779.009324913
77175.015927509
1389.306506372
2416675.390889138
8824.975656617
7491.578994179
40182.841312500
101149.657154104
2228.297805562
1729.584160811
36674.612692427
52599.803237439
6179.561735503
76809.518229925
2075868.351148502
2784.972771195
39457.368366384
4103.016139046
3180.519915382
18268.649259753
1375.185909743
8631.122440751
39.466781517
3582.550489096
592.332736703
65210.903895808
950.820081981
11130.514965805
10057.820540724
30028.932899468
2474.632338634
179665.793162343
1328.719815044
12880.670426153
13558.402241957
295.799870888
35291.188554887
2938.383085290
7328.331568735
4546.829188388
8809.232740607
78843.125478275
4763.671935604
58122.523981192
1095.945790674
13466.699984730
9809.117536550
106121.785657770
6601.770245124
649.817386672
5338.828898211
1227.497892932
24768.715307823
212518.462634764
Case #54: 
27759.665727411
32668.036977083
28248.133900243
94514.811387150
27536.612024599
24628.342287879
40867.334792306
13586.349954818
30509.968264496
28569.552369864
26371.052570984
23836.891505595
25954.783843355
45394.471016095
11725.576871894
23879.253492506
26021.462347263
23121.870390755
31053.198521539
29462.394739723
14486.813765181
26380.519354248
31410.766203061
41622.545635584
29178.908633508
32759.020674740
4869.055082829
27273.314599156
18086.117671741
21028.799696653
52959.568185184
32723.054267752
5254.376776334
29065.843818181
34019.848976196
36069.884419665
27366.902777496
28265.847874303
26385.891190823
39186.311034500
25366.396107645
28194.596175013
29686.911085475
26963.741010439
28450.386801475
30965.404901706
28154.126041842
25975.987681488
21749.873687876
29009.501292952
27326.075132448
11036.891223945
29259.079652265
10355.630423441
27165.447282702
44981.605247084
27499.177540943
30799.582753898
27688.646699831
31826.689623366
32132.682720992
30688.017062732
30999.649946148
27999.512069924
32406.668252573
33421.298635231
27049.328941255
32213.830086567
21720.221545851
31892.493535663
39156.913940208
30852.672356855
30226.626518295
29146.329006304
27036.742989086
30611.778498465
34002.809192528
32331.989614901
8657.634019424
29892.624019209
29294.212256874
71498.512296019
15140.708686129
23905.457530060
284492.255009293
26768.985657565
24199.388833953
19467.451802043
3480.673349590
26244.196913149
22213.397561320
30114.198269271
27542.707823052
31011.029905953
20632.509936914
30519.460764898
30547.899354937
41210.697857470
28480.331866061
28090.967417783
Case #55: 
152696.930438165
95135.685137464
116622.830016150
213935.627703766
156091.147881883
285265.510658543
270162.396272203
275999.850888969
402287.784806036
159738.574924717
325371.200852940
1760.811587358
5013717.577790494
28934.508707467
341079.952362020
80352.567601237
346459.802076604
219073.020364464
221930.521762072
189757.522514397
Case #56: 
9597.164967365
157488.693865577
226916.301285021
4536.991159302
14343.346543520
156506.523101674
11541.015150693
14123.186415953
4969.152253902
1063.990665576
573.717700616
3107.585567161
20093.552175728
7516.524989891
60931.864998001
1614.807221953
16608.153040450
272618.063645217
44997.896500355
25256.532663579
321.976362345
188249.630108705
2217.660705415
61291.722920540
63747.749174856
56502.079954410
1026.084482454
688153.613543482
8518.539188920
27.589645600
3040147.698339584
2065.389067112
34484.948332313
45343.780646932
8931.000000000
12444.835958505
539.677442533
44121.268949885
3149.670201725
13847.130136991
24752.600928689
307237.500754009
4344.832622891
11541.015150693
207312.345182960
Case #57: 
16473.540172935
25543.185389394
180092.166578698
85314.781502862
21720.923541620
22681.573082178
33049.022770242
23963.077993520
23331.903519613
24263.344931098
25277.799946947
28044.620941845
59823.133118127
22706.507541688
21006.491289682
31298.906356512
34999.167930238
20200.284156309
23776.224057581
75201.099052410
24308.740474671
25884.741961768
28317.502098641
3836.238238236
45470.346621533
19517.322293533
22218.216908667
22690.905822934
23427.126303910
24533.194078406
32793.325335158
45072.018599293
24646.591966371
21438.087672454
33733.216381248
26472.700782750
2943.691341204
28704.742061087
16847.461785886
35417.323438865
21038.975239054
17178.290155635
24223.494304161
33198.781303972
17306.398826221
45889.159650635
25546.084312713
25650.230911583
22694.325584190
40957.280892522
15416.206951580
35332.068899053
14931.608092980
26986.148495668
60151.404319951
97029.263661235
23788.976773784
30639.735091377
25743.476911041
18833.586622622
20568.251944986
45504.196669763
33211.492535623
22149.616792732
13881.831685160
18620.612618815
18086.147557485
22032.541279841
19192.394832818
27334.851357170
26425.862875101
34349.923106155
8888.173216539
21616.202535173
13562.915605409
22579.577035432
17435.331603691
23018.274658199
18638.613023102
6709.407010644
26105.594675911
23614.887861444
35402.972968322
34751.534352227
24214.019510482
22449.778944904
24917.447029281
25979.605495320
60759.788268104
12471.755451685
8127.392655540
28123.205246602
23824.081353589
26799.421809774
29389.098608355
20965.770030061
24749.761656447
22519.877546138
84769.491513063
22947.006906622
Case #58: 
4285.063060811
7614.806112587
16709.031457323
1729.202470692
162.674078676
1792.569185407
5352.047367347
900.566432369
24057.685506012
560.335251480
5369.791861966
15578.812383616
17238.468410176
11235.358453522
12047.205340510
35531.200540873
3210.756806079
2334.645320549
19443.428440100
409.837279844
3951.537469548
9067.329872240
6779.229471620
11357.660217731
3550797.223792426
622.766735025
1464.500263011
8165.356763863
4996.491869119
45927.379084596
12037.101964543
1020.168432641
13994.755378736
2125.927025938
2923.393240077
8304.867243894
43180.396618765
3480.231317088
3325.927643466
3079.649304712
6249.536284154
6790.155166128
Case #59: 
1392750.499250163
862160.978478715
280201.802515311
56592.868139808
152618.398927379
11394.610697589
1286205.185829106
356202.467295498
Case #60: 
3121208.432657557
22872.376072437
131377.463240339
496723.048821512
103346.969297667
75542.813141223
189382.256046659
113.979682436
26655.758988989
72218.481682287
164456.866319496
417289.183560916
47302.431914226
930.831886003
87695.774772855
207549.768996136
50251.729001552
389303.546423762
218497.391987290
116726.231131351
4913.452579984
117030.937895252
63062.622368563
6.000000000
335585.026273295
2751.537298127
179702.946145577
2193617.657580971
70397.660812271
326961.695420766
702.555335899
52288.957370685
41776.561304186
72218.481682287
76990.902864102
48861.512579970
4310849.916633887
238148.017228051
145288.086197405
24290.933781274
1442.666738643
47302.431914226
144830.797888220
484682.492423879
37379.148599186
52034.417875637
47272.910461644
264567.623781079
101924.599271757
161374.376066006
15075.403034731
672273.618064638
176054.367687015
1537514.126766481
37145.217712631
117404.628004256
5869.037392353
4753.067996047
224186.474181069
96952.192286075
50599.319828689
213545.249892946
14934.397050894
4779271.150619413
31390.845238146
161178.065552773
115447.667301238
185058.719209317
179360.231662582
193426.151088750
171018.721534396
672.742892939
149353.363214290
32067.837867293
135308.329721986
430.225522255
133062.727682935
705080569.224730730
117309.338575910
80670.698003132
265969.567813531
50904.060111863
42997.740647699
4310849.916633887
Case #61: 
43531.535227123
35163.299380690
4970.933071957
35326.414817979
23713.304602968
5349309.933949425
47947.098361035
3510.088276402
27774.915405696
24492.726953409
108.977599053
67661.040514619
10200.574006102
264369.613354763
1598.569026221
295.515791461
3621946.870205806
4132.787861542
1613.620379509
2191.255928635
120688.679254008
2028.276829483
8790452.970772779
819.859975772
16079.562347325
2467.246181126
402.341356024
1961.463313732
303.134799786
205.855618724
4659.860869124
73927.614165211
14098.667385635
577950.823457212
13534.591947247
10747.539054862
27774.915405696
13445.441043970
31592.536838235
102.725265336
387195.157898974
387.469324972
Case #62: 
2739503.863436553
37141.465272383
42375.071157705
133551.541266615
30901.040710741
22274.486819968
49875.260173045
51793.191966573
112675.428639224
1607761.219865292
5082.232386121
36158.598260029
59065.362943450
19232.210622687
612039.731180228
100815.039598918
842937.275112545
317755.090696940
5985.817711441
80832.784047419
62827.920022525
Case #63: 
42565.600616737
22243.888322954
5816.419904954
10911.545640144
11485.760321470
1376.551283122
24715.741375520
9844.630572037
9238.719739706
3173.774267211
9038.822924642
11515.592025270
10961.037014186
9.000000000
14138.369807582
27429.918230832
26393.646476668
6987.312207285
5315.376540512
34859.084729040
22187.718864079
35484.647206760
10171.930116318
8141.142611480
56575.573177828
4942.366013303
11735.940623003
692.976938406
8653.837170690
9038.822924642
9935.418740283
33513.003783543
1121735.812676051
31428.939273376
14943.082516441
1637.839557826
9648.660231685
18168.125808008
Case #64: 
39908.076646573
14204.540516541
10064.702347024
8689.309132184
6557.723897698
15943.013866771
14517.119779049
3536.320133357
4801.947869344
9381.049914696
58910.408386093
2854.812844482
9157.048645408
6086732.379071549
8721.608077159
11337.615089536
29460.440019089
85819.249029623
3396.400719641
19770.727776992
2137.601064891
10534.850436650
2235.270666352
41881.202688533
241811.021251079
73965.618757890
7611.887291186
10670.957294478
442.192459733
4825.861794080
24597.494531194
18643.692202893
17475.696916860
6103.169841021
13913.846906955
5313.934730565
48367.415068803
4632.467891277
22606.600236110
39184.167042552
8891.421866134
3736.938939372
13766.087583100
4598.748017250
18041.250909798
15822.851797699
1141617.468114455
7757.299695743
35506.340304688
52330.524605178
423.491735803
10931.732970437
4224.946233030
3935.797166853
6411.656979026
29059.520014006
4771.578706054
8988.061731752
2162.761540194
16061.326537355
13894.906551123
11898.908050073
105224.712864746
277.187461248
477637.735989824
24862.058339398
80781.170538672
59566.438562331
23042.514642094
2621078.708376203
7595.500934982
23553.105760677
463.643791936
17936.049051414
41881.202688533
10177.501552883
10836.239087569
80089.404731319
15431.556619253
4177.025162072
3733.253743214
5072.849639556
9905.104834511
13286984.152532214
31215.443029078
217188.535684334
1572.516338757
26589.084935926
Case #65: 
101444.112604001
216837.363022188
21165.594299983
25411.816961094
45508.491192888
148339.712315159
78886.645429686
50033.383604368
163035.620789212
68753.575784695
59839.486676347
35143.903236646
75763.249498728
48097.612554298
84378.873998298
8251996.022855635
195269.050993217
50690.117912639
42885.476195551
55259.477581935
47138.340934657
61923.085321332
58787.694489068
229312.845645480
49248.541198212
13525.489749730
53334.805425543
66137.037625206
31926.945847051
73520.523151133
283984.692527453
40845.328773804
58324.668314959
65844.359496400
72050.545590773
60174.004906202
48431.537372966
56006.133892610
78493.518458904
14590.502751747
45618.529890855
58497.016735401
38223.559096807
152503.137804870
24301.661107396
71476.217657830
59836.178787498
36168.514964321
20477.356335970
54355.008923257
5723.794603726
74746.266121663
14617.038281418
4168489.460923335
34065.563702063
41001.413661581
33993.168060482
41837.693750803
202394.323432958
109151.650381324
52161.591419370
331195.707092115
83499.242369097
20230.235466222
30771.957789042
58728.709771792
49858.371344285
49820.105908414
44012.215940721
83463.821090984
11785.037933524
52407.273815549
127959.432828621
69143.523853060
61926.649457592
54907.900441233
37551.006984011
92147.756310500
40287.169590044
39857.241986150
46028.265860477
121617.808490778
29285.675884926
51113.727420208
81465.616756030
144234.457563744
127596.965533086
17941.403258597
50444.567504436
66855.411210281
82809.186735348
85455.748537824
57141.812904075
75213.322599083
58992.082885928
66730.577695344
52672.631992023
53341.244489422
91279.600905493
41672.335490648
Case #66: 
891921.754867674
48581.964400382
403229.732765255
333635.154244565
80153.568689310
159696.800495525
47741.888469157
50442.877325161
163564.713639899
235.061682014
206046.809461289
250075.033950513
454051.346489949
7936.080928983
179778.542275814
3227728.954400363
45374.331608973
66404.796238599
287601200.000000000
7936.080928983
40422.833293439
13964.626740447
277709.841775381
268607.225411257
1322709.888252040
67937.043021042
67250.193862158
1890.480703695
490266.963714047
306797.495211015
27814.000000000
192082.248212931
66014.344074045
5.848035476
124098.168332580
14878.387053564
306797.495211015
31370.774515691
259929.826141509
7786.356157064
108711.438611048
7715554.356318863
353602.643095057
49007.304842494
48499.521097557
89701.881702671
210658.338787127
137131.175337392
152299.837206642
56488.188078503
401157.976133463
208294.579314449
250075.033950513
194799.430658572
134481.339028887
4361.896287928
1589749.291958735
374323.110899600
123975.228001069
22792.337208378
18006852.179751754
44194.164764895
397845.950553965
113619.906707293
49294.611953010
7179.363541386
203527.707211050
47150.788430239
84739.076960617
434878.740674703
111739.356370827
38192.509460771
546517.126226424
993139571.000000000
97292.283186779
203167.526098392
22977.325518782
34241.144088229
432629.532387161
207614.057673301
114553.752881452
Case #67: 
42268.521025456
22067.292752436
302437.924015967
45400.719282725
211004.013296873
16738.731445480
6308.172445849
47334.543529731
94381.495002432
58635.411348031
107360.219656942
199905.027506382
451768.535225227
59290.569067282
32797.948930863
51972.634388973
22438.222102009
35763.763784680
102412.438330546
19095.596046227
49025.842929803
266527.555393910
41218.928166700
7833.069287147
148604.709091848
35430.155977192
66912.064695301
2695.994791162
10291.456163843
3373.398163945
38111.081406828
1149.331546726
28994.818150113
846295.476541550
58549.431990012
117363.232281004
77102.026247567
59435.197332685
46087.642953267
35317.698638133
40749.316269566
10502.879096983
31695.394564805
30837.721954724
41647.912988085
162558.689582423
6337.926644321
11156.265969013
16731.509306299
70642.667935969
17904.860310200
36819.561474881
1262517.982130515
475600094.388378322
25677.494141472
34666.398886109
51142.397520340
19014.607781611
45038.000000000
53385.779640710
48095.139495695
68860.440874181
35994.173163127
42762.217569403
18102.038249036
33143.985707964
67472.368708860
49276.091908741
34597.756118039
335.305830549
82512.970656544
126996.003159095
3394361.199199343
6838.913286742
2058.704663864
35676.084609952
48036.834004288
108411.067724773
4720942.437254452
17388.220825699
81014.037490908
3801.455306120
29795.950018911
59130.621523552
Case #68: 
1001.279294411
56964.999017839
91971.954994869
29090.549044398
147031.862402495
79531.509858554
6970.626649167
140283.544152665
54562.946441948
78987.160208115
455953.932802988
124545.551444104
203377.943937439
210162.262540554
39632.443699438
136608.807759021
18196.307160947
Case #69: 
513431791.000000000
46570.905098459
337056467.000000000
34264.922370055
98084.543801770
19260.232887685
3822.278145360
43738.637564515
40737.376359583
49484.766150013
355393.803025388
15228.632600395
119009.774146008
5.656854249
266133.676663944
826.287819974
871351713.000000000
51422.464323164
51086.876622475
101078.670472161
156001.919031000
355393.803025388
42095.421042348
101078.670472161
578225.953730460
19260.232887685
19314.839392505
242819.499654205
1577.872633811
193428.961904431
272.275595675
38824.899441675
5799172.160538606
10514.023102253
8366.511943061
23566.354331258
415999405.672583103
115739.304897049
34853.303874956
673452.090422782
4.472135955
70153.000000000
62968.498956847
87097.072125559
904.856832893
7406209.567042719
46018.432597456
6252.373827330
74114.027833963
178.067402969
474564.005298692
15228.632600395
1517577.128582747
25846689.162934046
67700.050744866
23566.354331258
33465.998377393
2753624.278440325
30898.642519216
108519.008348737
242819.499654205
178.067402969
54926.391039429
19260.232887685
6398584.285374234
108519.008348737
330226.361044943
7543.181268056
578225.953730460
87097.072125559
2753624.278440325
133900.687800632
10955.533634296
1253.949044561
6762.740350864
14426.084789175
125507.842817364
Case #70: 
110119.964699313
48444.574421380
31703.581272982
57154.598076424
74493.531731023
62071.388458396
54328.192830220
12582.870862269
64659.889393984
86972.027338953
76493.415061083
91004.119474682
100901.036876566
65998.236299172
64656.206591181
55287.388608201
27367.228352087
62298.773919773
15545.816115724
46186.321540397
49465.545356499
67496.896730065
72352.254342549
77213.052440290
38490.005725290
60160.955894103
49539.705278620
96903.841807270
19247.195387750
34535.066547691
49598.799014877
79666.448489378
31938.183951871
150243.045144052
47250.373669361
50775.385964004
80368.079222857
52041.523368265
51784.885980206
32028.325783563
77270.790902051
57822.894953039
25111.920856422
91398.392012010
55016.167914475
38147.047042609
31765.847166118
22120.745036704
7518.417857857
116786.934647311
69868.018163473
60467.904040079
46145.620460779
31702.427519036
71387.474196959
64086.521309206
54836.014268962
49326.748839116
64148.028153266
51594.160850578
43762.410129903
43793.767702313
64360.021200740
27620.275267652
154599.529011561
12144.062131966
38851.776855837
70502.547289738
59170.259599634
33004.592664403
41702.747575299
86542.048803291
18443.964415799
47324.705310227
57486.454050519
31300.319873012
37374.304833842
75565.579095997
92294.298236228
69996.254606415
376637.934724946
92727.605774017
8801.896827048
47512.136306084
33913.354328413
37195.716947635
76645.504943220
31906.240173919
310895.799185518
39415.134775227
72224.187379803
44786.931039969
65213.936112735
61740.490025854
60241.866019166
63969.354397921
45422.960905873
27685.772649510
39585.921674147
40927.016035240
Case #71: 
180539.846563269
748972.003048814
46439.439605232
107618.672097484
139408905.895897299
47443.531022005
180109.533452868
767686.641998473
5775782.324137447
40466.839846092
11767.682689277
13369.313410318
762779.886046886
175968.039207072
9078177.952869013
153846.833048976
101525.998747184
430301.255285241
7597.433272966
381773.729024380
99558.030932137
1383121.809092927
882885.564528554
79211.264388478
100684.690366625
98103.905120416
35895.535181090
16861.891586283
468600.587435992
66229827.000000000
31865.472572821
75470.026869627
38879.269447404
8756197.838733593
446684.578697738
129987.639098505
49921.075651139
23088.586625378
74709.986380100
62155.627266873
12217.269999103
819515.758279160
111033.174256069
17690.666427947
85887.584154717
155240.795524725
100684.690366625
28696.905522923
1036668.781497050
453806.200398525
568211.762236950
168187.320234706
942669.969143025
204.013357697
487725.995021356
129377.477705007
105014.573534386
885253.579874042
107410.280926618
79211.264388478
171630.470424734
538431.537559715
264857.319338921
39399.666556643
23821.454222603
82048.538332942
327053.737099102
94011.000000000
181083.197796387
98103.905120416
377331.034791691
256669.277111247
82561.951498830
561990.606086151
819515.758279160
Case #72: 
193728.603612947
69517.630373473
25922.050613355
106460.347374526
64431.208420943
225901.894814749
40902.482328531
29046.284995809
38661.431475786
79398.796251139
59417.450672609
48268.106616642
59076.135504502
50949.280638597
8254.525434122
76363.431353204
51140.296885882
36169.235381649
43912.797014355
66667.397853928
56024.724699015
73199.083546205
53529.798197497
69286.639879837
14100.632479831
39258.174166870
43170.440044566
49311.316334699
50383.247374829
56874.332675620
46622.937485815
62947.864714555
55803.059894467
43236.522646490
57826.183055196
13700.067886926
245613.753698884
41481.894708153
58850.966292822
93988.148143122
43783.306002030
57764.719181366
19301.195733400
54419.865105721
48733.722236213
58109.691160676
50069.619650507
45770.827715079
58224.901389955
59333.304258418
65151.149219275
68127.856139293
39621.016666734
79940.384672460
42378.567345030
52967.351713873
33799.713281855
40526.823180442
73578.350138949
62226.390402955
57986.507043700
82857.341397615
42624.240675458
49975.711272933
76518.545686941
65789.727464410
59613.692238656
110324.264380836
66165.316449065
52749.518808593
102937.316409102
87782.413978167
77802.367957449
42892.324434861
66694.576049642
58633.973417702
23900.638318525
71481.803944324
116880.023222751
32378.000501017
69562.948912073
84863.399738547
75150.624545107
53193.329260063
49586.684712287
98891.089097462
72596.611825598
55372.375995615
120730.778924879
26556.736310756
99179.978477018
24396.484280829
41415.740272444
67404.813389167
137365.634032572
10965.794853644
56219.972166263
49933.689123817
66616.971379084
40841.583141326
Case #73: 
22086.256485031
1184010.229329976
100669.561400490
356497.272654097
106456.659733587
333618.765911623
73536.055619625
83864.379071189
4533.468882272
76081.676722295
201176.980463680
2192.029872242
126872.036276202
Case #74: 
43508.577711157
42026.206597266
84259.298447173
22624.518638392
9457.582765229
472.563223283
27953.739531115
5666.525575910
74042.268718618
176304.794366644
783179651.000000000
25216.369137904
437668.682316827
44047.412275562
82.631940698
35206.006751445
36506.497427971
437668.682316827
31970.001987866
22911.216337026
37225.266160022
12330.559294463
80828.000000000
33973.110193537
478935.315904737
8837.527459343
10201.676081578
1866513.590655439
8268.510388962
27234.503327158
1557443.404835655
44787.262476708
309951.166458955
29896.201461224
22056.310371157
24543.933076013
19887.166606403
3655.322567520
28567.691909517
7.000000000
Case #75: 
6369.790418309
20138.871119286
2453.371160131
26319.629481845
34015.074204987
228932039.000000000
14378.213910962
21806.296172387
11523.252097955
13417.596035875
3864.988247546
258757.741553167
3731.667369294
10189.910653823
11043.789877502
11783.244579729
16389.629882074
499.616655747
13086.366519773
15802.034856882
19615.946957661
22852.742707830
7219.582924450
8837.205533045
10288.159946292
16334.143058905
1410.909416998
10931.545949116
16444.888328388
10374.076619651
3157.060226696
7262.560857765
236.276183795
10035.547390205
8648.471056775
7989.307134727
2407.580059746
28707.149545018
46810.078686417
9538.625420061
10110.010513302
80158.454270565
32703.284747461
25312.101939643
16371.198345116
4944.624615798
13820.652964744
16381.382631180
8818.367630928
8998.853254187
13932.552243653
10546.427426028
17531.171606151
4528.548873403
32414.963276218
30854.092982954
10244.979197019
4044.632571977
8925.276585424
13907.130933879
13446.762044889
9147.612883809
21933.449554812
16109.654330279
31398.354049237
30021.644583509
15142.225307383
14314.846345314
12376.674040890
26275.900873764
13170.010023225
10136.312796270
678.645614551
13674.279815553
7605.153168918
169584.599579947
12166.790341028
11227.908833615
8577.593256099
12567.841526512
13623.600416628
24138.544500310
3868.021245730
9709.062396627
24077.454461893
4688.088659237
2282.085537631
Case #76: 
20992.363073014
18953.337347840
18482.980813448
18501.498446737
15695.871658680
1623.647402534
1766.869279540
11666.331254892
79064.091677143
10918.075169761
10460.439903913
19955.056758837
6996.530468285
21856.265643321
7502.109964821
16948.013849405
43255.851536614
16596.114709920
22088.010428245
68154.649400819
42141.047400608
3366.846747139
23531.079553175
13557.519657327
37286.065641202
9356.820800849
356650.236390166
15667.144922012
17547.048801621
Case #77: 
667853.067464202
17372.360732907
69632.822746519
37163.007416457
21242.158400841
41530.231606231
36051.053978587
21730.869871810
41471.113026566
31099.117237380
75181.591775169
36175.009434386
57409.366515576
25007.610475587
80903.838850129
39563.085969494
35789.099381519
74129.937064885
38260.669098575
37293.561861085
79512.586638648
40664.225816676
24604.299875096
29187.039531596
30242.159742391
212350.931153849
30265.297746805
21466.271748236
39717.652100048
25894.011023915
64604.460486514
80488.174977289
25526.898217541
33998.359977678
23608.091135592
12990.921795121
39929.466065059
49222.709498020
33215.977866719
38722.868373966
37546.048577932
40851.370958150
78996.003449977
135577.859862794
18569.784466345
36186.219403046
71552.212297558
36699.254178249
36527.646765561
166251.775771613
111036.681373549
59448.484050680
26485.100461770
59771.727465935
4491.592990141
26956.939794307
12382.047625180
29232.259148018
36048.487913821
47073.156121860
36326.474505047
75987.933561498
15025.131593967
13462.747441665
27610.661810175
71613.712961573
36798.128730446
37859.818868283
22960.203076149
5587.321402349
29023.739121221
54630.982798803
140497.037506063
89359.920815223
36158.380696385
37535.002138228
43408.776416464
35716.046763468
28152.897374400
45184.610834658
40710.453456560
46089.162254193
36584.303175203
83024.830250280
98796.917215218
11718.581712418
52969.782912789
199244.170882202
37086.937117539
42457.154784444
47118.645522964
44624.622857174
41770.578590258
56063.404187497
23095.167742017
38435.118952854
19925.545433913
29953.156473924
10151.466969957
111600.209240249
Case #78: 
13769.628199022
80478.428207479
151748.312482110
102078.554986460
261969.868455582
199913.057249210
94553.040918024
45915.807829384
23008.976845641
16083.807285438
135996.359186338
198824.185369914
122552.682148401
37416.703212829
65106.950085226
530693.283826402
118113.227854809
22935.473610058
289668.162863409
278154.008134822
106159.389090187
366033.257801633
28415.402119642
37738.140657789
86499.568575240
25675.623515656
228466.218683529
65302.797872057
5633.642710467
94441.497938099
474803.645401825
77547.173020051
23290.117593377
71960.351621799
513486.407528419
185792.085828089
161628.530400590
103896.682526777
33761.985568801
32309.591563787
63268.001514569
248102.682303407
145894.753663383
47309.599781645
170648.757577535
23847.832674258
31430.502772357
54277.789456843
118989.027234221
37825.459795736
207374.477680729
431961.125638271
30003.264212872
35552.735983248
193021.742896406
42060.163311823
619068.427178527
32992.577305208
36757.714698476
26960.005936467
14256.650539639
770843.833226462
47257.775533912
364365.179186363
69441.459126420
249566.860876202
10969.981052184
88911.824602102
13652.688563339
7166.172354290
81938.122633944
301323.479684405
59283.283420677
28330.459892657
626973.078543209
6.000000000
34275.923617923
170893.487629924
11351.197495660
118113.227854809
74374.640000765
46428.056632738
29202.142725527
90993.040353310
74512.253378440
46556.581199542
48265.751173116
615599.856250063
106182.528956960
89690.585778792
Case #79: 
49860.583872351
54372.943981923
33236.299316468
524545.875800118
170767.769229037
566289.800297013
395399.103121903
42041.378678323
158692.957578603
38199.387581046
763589.138954673
25103.190735538
74913.372929964
39421.857868447
35691.484904209
4855.056728935
41925.101650672
179.216666061
56682.523382085
104009.073810604
29344.415478044
81049.997811321
59570.910285329
96174.543011693
8183.236000578
310200.497906554
624068.789049693
9548.731404320
38085.972788947
25354.429856184
284.003712694
51653.350209666
41520.153120213
70.940431480
21113.136951655
19094.541397730
3877.247419656
1706671.173134567
30187.979802499
27865.972156601
51791.290220006
79527.809252969
162960.436960390
887.356616075
244465.808242418
497948.020744993
216134.282599283
60011.106215818
2420.936238933
2665.936941979
58874.264814803
33454.038651319
128047.335219670
38913.594387736
49274.821329534
28194.226028840
36679.207319407
19474.288702942
6175.835980493
66742.096929496
41983.800919429
15724.397551955
103.288371830
51300.643795044
175.004971747
17302175.571991574
249263.464547041
54469.936153860
209384.326346318
61603.605647997
28937.176457293
68160.382091650
2849.593353586
124696.233256485
37232.009229760
45723.166636488
298177.558091812
19424.787925854
39510.062695745
35883.938455405
4504.596521781
1311.947111008
5850.193273339
265664.278330792
4134.856062577
29005.230056004
39964.821538640
Case #80: 
21210.483532279
5087.829760919
4207.906568836
120568.750168661
46303.411807835
49806.475339313
53293.979526213
16797.842034860
72236.582949476
67743.741059317
35167.661006172
55113405.966694303
47721.263893346
60695.394074064
26574.397918833
54887.338608128
47350.444689405
21998.433129826
161426.799782491
43106.263809686
109812.860402077
109917.654136563
131406.563694483
20252.704041744
69130.152950820
682180.817920931
59829.496227332
356360.045707036
66418.212523603
744.053761498
131223.016955448
31135.656533659
28968.144204194
24030.037216106
56649.369500996
87188.916034622
108774.888863135
62224.557494805
87899.239357210
82682.970294214
169909.854402462
925447.463378378
68194.067569539
46001.899494449
90583.065215406
79417.047252783
5922.985549762
85444.880737619
113202.600431344
104160.496957006
564645198.929860234
85098.230268775
155163.936238332
179212.370885850
46001.899494449
53485.812348964
131374.048672290
187186.520504889
55.002757118
105476.652655625
163471.084060107
162525.071506414
39416.298652837
253983.357142274
37487.853059269
1884302.876330494
45750.604230103
124156.505878649
193771.217992331
87026.725609159
57731.342938409
28798.265609175
14522.229490295
430327.405309289
317219.038377860
83235.645728986
792.433226361
99186.283976619
45702078.182869598
138261.162691001
107137.213972969
142864.086700695
83217.687585670
6642.821560095
179554.698534617
66304.840640738
Case #81: 
20663.056926538
10240.869073243
54730.415858367
9437.360220720
7288.420941317
151116.105511208
63.200336483
53223.332466433
34505.957573581
35322.526032557
18572.792182200
34480.968205522
1053066.817793317
59173.045941171
57230.668129174
41576.357165029
29721.146613630
13657.498461252
406828.475319839
22111.993543014
65433.023338439
22695.156856355
24958.433577125
67782.535895569
24119.276865187
70287.220164264
57794.988727288
56486.415318687
18789.207489268
33153.984134481
7855.046712193
44293.406324620
38401.789038899
36908.316024749
32054.492071827
25582.388148785
70996.309336989
163911.955270424
37324.258870970
9612670.192965198
58477.498791809
22992.899462665
34858.801637105
27678.337423874
44542.552337139
22116.277114794
30538.207724314
34803.419856875
30426.211199764
35998.921068920
63137.180514368
44541.733687204
51722.696320228
1053066.817793317
70584.518863819
18037.486714872
16629.304742431
23457.382283303
69414.243772456
57056.491123201
24894.294900737
30087.382998764
81681.616146093
37980.511878433
50117.684920204
35796.440165737
27397.736925273
27550.997581268
34356.289859296
26578.763333443
38100.209636641
46186.483582383
36159.285821193
46434.052102807
24952.593540931
42043.898604964
17285.954777070
20273.727511173
28614.519650948
59998.624460028
326125.190113837
60386.850968945
39178.648433821
34104.135175981
26188.073217809
31200.378286460
34199.865874324
37853.232424040
29921.076750390
33288.680893553
99321.259560678
25669.445551606
30116.393700736
22667.627112104
40741.810631531
35868.985283862
75020.410101038
25768.038259292
31631.725628506
26363.840156654
Case #82: 
1.414213562
2.449489743
Case #83: 
18093.327859826
5901.860526912
23134.696848916
68106.472891758
9401.010952494
7046.496875194
13119.011188369
4.898979486
4724.768525029
7958503.414303914
71927.579708785
638735.967613379
3202.649473185
7481.691148344
6417.846408927
496.404802004
33112.329866476
2169.014796259
635282.996368745
19459.473695131
19756.947561244
1295.868485062
33112.329866476
191439604.065695614
7039.128458707
11481.545794301
4724.768525029
45496.322836157
251680.641131284
4.898979486
12200.202978943
8005.281295129
5220.812147398
24372.056840929
13119.011188369
5875.491804124
54471.953517384
200421429.012790769
10406.775773504
18693.125954881
1707.708094823
13955.090188293
4923.162388369
15884.974778773
224639.397587152
62278.103632015
60378.207611726
11744.543871903
23496.004301090
684950.886179940
162.577956402
12083.641013115
22393.696381975
6975.756467981
85.852550656
1.000000000
23530.493440651
5901.860526912
614911.993529969
13349.593547824
98.034279276
7528.664779978
16844.916549201
1389314.028636900
13102.753167554
191439604.065695614
1933.419489193
5.477225575
23236.665759939
42423.922956298
232762.129402868
1771.715314305
8097.178845726
45.876408569
84436.177320610
5355.763253510
2476.794917512
93523809.000000000
191439604.065695614
3288.178043919
1933.419489193
Case #84: 
1779.273249553
5913.192994449
8399.660279804
123481.681779537
20657.635509667
60822.432481092
17729.631277617
262437.782525720
13817.533242847
11420.359085366
121832.145754434
3222597.058066056
33847.297708312
9802.467566592
5724.344439047
16587.215594033
31138.534946006
20011.391946989
27157.063543445
195078.252116214
14573.002386987
9104.948181747
3904.268244729
29368.743167012
121832.145754434
41194.810913863
61225.295882864
544.032424228
236308.860119080
33533.668531721
33825.464753994
12022.337031496
18106.255475189
67599.774818833
54217.507662644
56247.582044314
11123.978814037
1437.713966515
18323.898820752
63729.146801130
17127.481734410
10949.565514191
53998174.000000000
19543.637631822
49643.848394768
544.032424228
38771.738289145
5414.399484570
10870.110406082
Case #85: 
96664.168210585
21801.866785502
38588.078821981
371.425280366
24020.766790318
31995.603422387
6022419.216181484
3611.301564589
39798.584559273
39352.403630728
61688.095189668
32630.602691747
49701.040429101
29866.608238472
36711.645109081
69869.203019298
Case #86: 
50541.232665379
24838.214067477
42089.217051149
86548.398021289
55791.535714413
41285.437267846
78844.729260163
3302.282068598
40946.676334113
96753.963405350
57721.747937773
49704.360643834
46364.792250143
36812.666076538
51106.146139597
48318.472364155
42443.454579211
41485.464599328
47026.627458398
20178.575781537
49550.114151244
48386.922331860
29979.289167649
39566.605636567
57627.779679648
74882.940542429
47705.739491424
192950.420194186
56101.362471757
46773.651986895
55405.245610547
41987.369282313
47498.784429758
38912.332568991
41286.831543633
46095.768663661
223996.575918424
51191.835718745
48501.737815333
21754.254351222
41426.999064441
44546.826593319
49904.336943614
5690.359408627
21187.304378468
13038.005072755
44003.962694004
71127.394189727
48600.407624768
270435.828466597
41853.298232849
35353.137798990
73964.391612829
99013.724307898
62115.563950672
44489.451017270
41592.425220903
51594.901947416
38553.885073183
45180.714003665
66009.900308120
57838.252131696
50654.158056480
40799.630005617
59328.129367296
13928.090703340
39778.181511135
49821.228379301
42623.168542472
44734.211322452
49831.345954290
38163.935220333
37464.247322896
51400.804257793
153252.521325935
46326.241646550
29035.301191556
20983.020660708
9006.151007831
50102.286961424
46948.516409303
46069.143267272
145885.790047383
109409.722870233
55064.697991259
44499.346774708
52318.139051748
30366.672688853
37535.870125138
44923.243605135
625520.862899327
65180.932606198
29352.068279692
247611.746990959
55899.357019726
73764.619284948
38142.129375217
46979.909830101
230686.847370581
57826.733363149
Case #87: 
8755.827320695
28631.098078118
12424.465246780
36911.501157004
3950.402851637
47180.142878546
6621.939808874
16919.811847905
799698.960471757
14366.448488616
10781.425363333
2960.658484580
10752.516482906
9251.787794308
7161.095315624
10504.324837218
4629.423437871
13243.619600810
9972.138740266
Case #88: 
832941.636627297
3524952.007104896
733494.069133928
273798.877629430
Case #89: 
56089.303085817
39274.264732973
39782.639323082
23762.569766713
59013.186476364
11986.043307174
36390.699933361
71944.187086503
73385.510742940
38443.830856932
26965.559746299
69435.932606077
56816.159565078
1145724.724151684
11391.926748564
53280.910723325
20512.497631026
40002.000062497
18377.989969427
36240.976657127
34093.982922241
12010.110844713
39315.007726428
41844.215670192
848.546497941
77005.337068979
81627.636485530
102800.923066272
32999.500988139
59312.592831350
51533.597544842
41105.042700947
11476.144393753
47643.853317226
1937.599723243
67260.780955961
129249.148280474
13822.841330758
27821.030933508
32390.192854936
12646.423493483
87033.493476387
41760.692772624
7663.787810365
92014.270981935
27077.104987683
40128.653420226
167639.220935432
15866.427048836
53739.825891565
14769.093037835
69841.010705900
59878.502951567
10785.499979449
13287.451329676
19588.651364585
61081.590390534
55114.148260901
33857.305057537
47069.360383280
37975.589303013
58455.735719395
66427.669900442
61137.554830932
24572.834125645
111320.161771810
18935.774163561
62151.752622201
189876.060760230
31055.660554295
41073.982680230
7221.961748893
719591.512990326
31325.226877697
61957.254875682
36274.502714414
15332.262906695
53269.062420738
81227.983976569
17292.925651522
48444.426841619
45518.453000264
37436.055567232
5523.986876263
63485.373079851
53445.091512328
59760.118057880
47916.670715299
70443.376288466
25718.252681819
8493.461455145
78233.723663394
32427.408386552
39352.175640638
45307.703690478
68996.201418898
138360.909924790
68134.556312870
67261.980920978
56876.232591824
Case #90: 
47077.889841080
51447.901586827
29729.165304527
44921.650919726
46742.381027463
16044.833008943
80147.355494494
9227.894311244
49992.329296591
188841.034682649
40832.373074062
9906.070774890
16826.956605431
50835.104691991
39559.278050586
35114.291345773
44403.516070862
40856.388414101
54151.449051336
15578.965547344
24455.779627339
14821.410921095
60228.442715200
Case #91: 
1000000000.000000000
Case #92: 
221729.098173983
121656.078175719
43301.379118761
58278.742358158
167811.640047438
105954.750849528
78254.462215121
140094.594255246
1621763.453921558
19459.946215347
2537.286031264
261117.836411011
119767.386284495
125678.372967479
126160.180630472
637074.100055524
177526.539692230
Case #93: 
23579.745415175
44193.698085001
24075.445166259
25584.766925623
33963.229325986
34057.264352332
26047.192917710
88078.515444715
20872.650574836
39767.536754678
37728.164378017
32100.303015104
39082.651857009
33687.424346713
43864.647583614
37925.668588130
205895.463234480
26567.010455722
5210480.455446607
31616.977814079
32115.758097739
45307.451462739
39873.586839547
35847.566482218
32186.498463215
18739.755052863
198742.287177554
129273.651787312
32492.447913483
27872.429337606
29311.815742600
6772.091211298
35290.067736665
43667.739394089
16062.738834856
39647.895078525
14029.636941756
27644.356941693
22592.805136666
28450.184728329
28802.279310125
21908.517689926
28691.182763234
19759.719478925
21430.830139647
35531.410660074
31194.067679164
17091.111032574
37514.354147916
34782.664779824
24963.368543243
29062.374325476
42837.356836840
29370.199608755
11060.599727125
31671.517231820
32600.812167631
31857.804807009
8052.203457163
34341.840364645
3651.054236120
25392.528859410
85682.217926205
36901.651624544
23766.205137691
13149.277942064
30525.657507137
26044.805190820
23956.682482642
10377.896896771
31109.975508293
16127.241179728
3369.625293742
23676.855098810
45131.875790623
9419.977308951
23488.297454921
32457.831763768
4192.733950104
37246.187254518
24995.580289416
26694.682931167
531560.086522958
37818.596927527
14799.004666556
14542.312674378
72849.690989125
30109.595439546
25005.716576821
23077.945371046
12893.929140448
87067.393407103
45543.493090239
16891.498460901
35184.721156170
11092.093432009
25929.880324640
39637.133940773
43466.121126759
25681.553415017
Case #94: 
530975.306203447
5427.188724871
6529.065600133
368571.445148626
276380.280071811
34979.224047997
300014.759085233
10335622.049771130
5581.447821302
41863.422314603
8156031.675992743
3980.754795130
2450.218843689
717567.946194323
357956.860791331
11407.380668310
33902.901008644
31540.750139671
1355.593396785
50272.075379211
20353.566159666
4520979.334569627
1438.219600153
13610.222001624
5408.411582775
1039973.895416834
1902.038956020
325919.958873022
43269.111915050
192712.900687399
48695.702409175
25944.305481772
121387.047822872
427.779284908
8439.575302849
15824.657054925
10894.781539220
3163.940527216
9404.980445142
4997.385055808
3012.129850045
33091.919468873
5465.078329731
2452192.594428175
215940.281328691
773563991.000000000
27716.880555275
143734.332548035
11047.524715106
33091.919468873
567.940955723
42597.346214987
383985757.267269552
37.468685166
543244236.543189764
227888.566802340
87651.000000000
7669.557029634
322455.978834655
2793669.271909020
18120.539734348
Case #95: 
56348.327264680
7.745966692
72216.802726821
34255.782461137
192518.271718682
46358.724589699
25722.243386313
38223.182076201
52377.964399249
1711.433909348
273373.293298550
202188.564087615
64041.989619479
66611.441105824
67943.479927606
43850.072571431
31111.149386416
18406.623846452
35652.240544197
17355.002803866
92292.999100746
40077.015061357
94764.205833484
38221.311884142
13135.687879181
15177.838766353
50956.390943699
4025.435111494
60114.378257612
37388.826395895
500708.528307242
40783.255399052
175278.212091075
48988.232956301
82378.494972858
44185.444306593
54466.683996889
35932.047262998
46484.491597175
46424.535016198
59354.502009965
94764.205833484
17484.182298576
8104.087663245
21007.884824815
45002.949774835
220466.103601677
43620.820969204
28145.937566184
42196.899967343
20980363.754366636
178981.577144510
39507.941779771
39254.818344979
27807.736574451
59667.812146067
36879.226119991
53266.774175006
34121.559083440
471.791488916
1742.433938051
38507.736167566
34787.152123768
2277.309312282
2065049.007914675
10347.272893091
10255.201421208
1945256.484486941
509566.258602819
90407.745850730
76453.694840763
66528.265348055
28573.974078425
39369.557603297
62011.980068371
1941863.146184895
53928.148853542
87411.031777292
43748.606313248
33929.139818061
7614.893139279
426606.882832064
52345.983981217
75972.761818783
30378.911282573
35078.136605792
66034.481945572
133774.246125063
49581.248851696
823.690572400
61833.581379269
91733.666341629
92292.999100746
46476.693774989
67147.259857788
5.000000000
25922.527134223
23964.640370810
Case #96: 
170920.101531873
27870.469680511
44258.953351947
324172.118650245
45085.503760369
4456.218115775
8422.084329312
269082.309673572
28536.169721926
49627.998335928
11635.973331272
4.000000000
135989.723698495
199.486759806
43876.984112462
13150.438935772
3225392.866176758
2804.205626676
23858.013161210
479122.974974882
687045.153932665
322694.418736773
9654.700236471
25787.544573727
2544.601296933
263995.998225310
379057.140386290
14932.523099156
151017.172857994
28976.770881377
2139632.025974432
19228295.569630101
2080933.863907209
44528.470800150
196419.152624338
217854.882142396
54610.499958548
16230.629702908
20549.584642741
32231.792460919
115050.008217564
4777083.914064919
24274.835661582
6443.708247215
130887.912962556
67697.769350260
506827.294474030
80539.996089107
461.399902417
41309.005355738
78587.000000000
41523.561746241
83.809090251
13513.702547232
416710.511070618
795407.173679093
88.952463779
447048.193232418
4860.690593699
665318.356101295
73548.167555205
9326.670793888
176099.285429262
1390.076331514
34070.443270406
339884.744064217
45903.021880299
669708.507497919
357596.122374644
67488.885946090
287.398406993
21247.770382989
102249.377766118
5341.305918162
36904.350351412
938914.466456412
139508.355991013
5946.583372559
6054.686488538
59343.216804138
10932.551197222
2098.454904746
10309.117556751
2808.878836896
15237.463359482
14389.317196721
31.988287175
51326.304482354
32243.390649817
20808.067395792
1417.975646688
7696.044435028
196188.879218578
11569.153924180
5275.652369552
4933.970780541
Case #97: 
41630.225804948
61947.740538656
10936.190778220
42359.520831681
61617.919052063
12889.358787387
5488430.904044996
17014.291874633
17030.700895950
333.162946788
51481.445440512
24797.033591117
2502.812425585
22478.000000000
23133.263634162
224229.031212668
4072.817271084
46017.728608198
4756981.976117378
28391.215997911
47662.514081783
182368.228551689
240361.953807909
32770.074580699
37559.665482065
16697.617613115
712.553488136
16911.972246829
33449.901780690
32038.892342609
23675.934542082
4756981.976117378
7624.027031703
17726.307922424
76947.528966553
75899.482916405
48065.115390841
24878.248046018
5713.520110118
9183.950179895
21268.103482464
8562.264762576
28079.253348674
3137482.727222002
4021.951566151
10455.771694297
38439.151110442
10320.080833236
61752.119784052
49355.816926986
17366.547480589
67704.544998690
53902.349163514
267248.091081336
18797.932677468
16627.371720673
2801885.386342204
36.437187506
7565.471117941
35609.693531967
5512.667848757
6866.297814998
39651.475577283
76710.781030058
20808.791011902
10847.111169544
15715.631836569
12390.608756290
31356.478687350
229572.183993244
110338.205392235
65902.324546009
489.733769654
61469.634922222
32483.854642481
103385.299498976
6520.730627709
2704673.962961340
16186.369360862
59784.162084133
41312.544389975
59203.005517208
42444.952909279
32922.234553968
107561.401557167
50636.572270122
124532.504716320
31151.802971293
44028.809004446
26109.272079987
17423.438433191
47400.965914383
550055.973149061
12387.319640464
2472.795648301
5.000000000
Case #98: 
310399.296774758
26385.166371009
30401.371126325
196920.911611234
9744.175914754
164570.939247687
14162.199045707
93023.941169404
78432.652448440
2891.765741111
480782.248251743
535667.846040777
412740.388091749
26465.038884175
12010.220233497
456174.493800247
160892.863493036
113450.892447047
308088.967112133
142424.053700033
1538066.999302125
11330.662259745
105773.515838899
1673.148534141
535667.846040777
1501543.926352335
1289867.559670602
78922.656974536
Case #99: 
18621.870208960
23165.078075946
188502.805161104
Case #100: 
30912.200761399
11166.121859359
824.766633661
53722.342111154
36218.351847157
