Case #1: 
276916.071076582
54183.233120882
67007.468888160
53819.891898814
263952.049428621
7635196.505076604
2572798.625906039
2850.964938961
Case #2: 
151155007.877229214
193870562.685721844
409053264.000000000
Case #3: 
321280738.000000000
450988.378513962
Case #4: 
31783.557069655
449847262.000000000
32900.000000000
768817.677205714
768817.677205714
449847262.000000000
389702.282869557
3847073.552689108
449847262.000000000
32900.000000000
Case #5: 
6832.293473894
81.360381729
646768637.000000000
389.512054762
30236.478555551
66.882768190
42741.000000000
81.360381729
30236.478555551
Case #6: 
2307.613420912
111554.460866526
12071.400776848
52256.260409639
743793.573771795
52401.748368389
45829.458260172
65474.819484964
732075.417310335
137235684.000000000
Case #7: 
52098.723765559
318.932594759
52098.723765559
2011.832446388
318.932594759
318.932594759
80053.000000000
2011.832446388
52098.723765559
Case #8: 
10347.491474092
1254328.413485776
548576214.000000000
229496.358998931
6421947.616751947
7297.368153660
7297.368153660
43094.317667415
24751073.546300281
3099.029059576
Case #9: 
1.000000000
2.000000000
Case #10: 
46901.863059687
46901.863059687
46901.863059687
3.000000000
44482.716261487
659570682.000000000
52142.000000000
46901.863059687
Case #11: 
10135.370185730
695.001371823
397.659117771
710.280476503
516.484268880
7.000000000
749.963999136
171.885406598
958.914007460
6.000000000
Case #12: 
10744.142089088
170703409.235047728
384402683.351106882
11885490.338059580
170703409.235047728
679736254.000000000
21300689.117382064
1915783.038362131
15129492.838696420
4013776.000000000
Case #13: 
708725.224705930
60659.290945411
349179.680001946
613258263.000000000
21070.463449273
2887.231825322
34147.532403357
4412.201148589
53871.000000000
3029.118012122
Case #14: 
28838.730688288
938.257913826
511.213262739
149526.685818609
8651.771776346
481053447.151707590
28838.730688288
1846041.424226737
41618.060689216
Case #15: 
641883851.000000000
641883851.000000000
641883851.000000000
641883851.000000000
641883851.000000000
641883851.000000000
641883851.000000000
641883851.000000000
641883851.000000000
641883851.000000000
Case #16: 
10475.000000000
10475.000000000
10475.000000000
10475.000000000
10475.000000000
10475.000000000
10475.000000000
Case #17: 
264852.936943703
45600.703459486
56297.279597776
67633.531217880
638294.964907905
63496.389763034
Case #18: 
773.826255697
316261398.000000000
12922.896155012
Case #19: 
304982426.000000000
13618306.036212103
295034.382812103
822299.619307037
430511251.622049630
430511251.622049630
Case #20: 
175.929207066
825.015151376
5.656854249
825.015151376
127.017874187
8.000000000
268.474890396
129.625748072
175.929207066
68.315375026
Case #21: 
469328884.585099339
976432164.000000000
469328884.585099339
225586180.000000000
469328884.585099339
225586180.000000000
469328884.585099339
225586180.000000000
976432164.000000000
Case #22: 
543.930142573
33469.156790301
37948.682696727
33469.156790301
37948.682696727
328.483295177
131738.227136558
9.000000000
9441.427712643
Case #23: 
51864.000000000
29445.233492277
400432.084428808
20127.355990174
20858.469263107
27575.047959864
4973.256478405
122660.470664762
27182.837849779
27182.837849779
Case #24: 
1000000000.000000000
Case #25: 
54379.070768017
Case #26: 
9.000000000
1143995.002555289
407863588.726306021
1143995.002555289
203383334.000000000
407863588.726306021
42783.758670785
Case #27: 
470.728159345
2059.512840212
204.614271252
12083.614975592
2059.512840212
12083.614975592
31655.000000000
6.708203932
221.494920935
Case #28: 
864.945912811
875.511279196
249170957.000000000
46975.780387344
Case #29: 
36387.747184923
42.233867053
80.940158005
6.000000000
27130.287052810
630.633015311
27130.287052810
Case #30: 
6.000000000
176.008436235
230.973122501
825.572528613
382.391119901
212.888919242
454.093223883
1322.273625179
994.776514737
306.544408175
Case #31: 
52172.025704975
52172.025704975
43248.536558400
38535.384566879
43248.536558400
839449370.000000000
52172.025704975
6884486.246596037
5809.142217755
6884486.246596037
Case #32: 
7.000000000
311901498.000000000
46725.908081064
46725.908081064
7.000000000
311901498.000000000
311901498.000000000
7.000000000
Case #33: 
2.154434690
1072.423677667
896.690126438
1.000000000
402.907992209
5.000000000
7632.113877548
71335.556276067
71695.384675207
488.876705733
Case #34: 
247739721.000000000
6175481.000000000
24865365.672314405
5809568.201992122
39114088.765824534
247739721.000000000
1629362.110204874
Case #35: 
61818.234284069
261086.592734693
7330261.010715246
2364199.775172987
660.268884622
22668261.897075582
261086.592734693
133193.100603709
764298818.000000000
9154123.434507802
Case #36: 
5.000000000
4.000000000
3.000000000
Case #37: 
94948.000000000
94948.000000000
94948.000000000
94948.000000000
94948.000000000
94948.000000000
94948.000000000
Case #38: 
39653.462215770
Case #39: 
40.196115482
4.242640687
Case #40: 
10014.849757256
52265.956864866
2390.392799418
8.000000000
67.228815944
Case #41: 
16342.000000000
16342.000000000
Case #42: 
34724.027934559
34724.027934559
34724.027934559
34724.027934559
48042.000000000
34724.027934559
48042.000000000
Case #43: 
47621782.105666928
9214160.177862765
5626408.538343798
431576454.689462483
274200863.000000000
35977793.694293208
Case #44: 
5724246.675327680
181.016573827
1.000000000
Case #45: 
505063.443063160
1342748.637665440
272.514219812
2498668.644984515
1755.290360531
6342779.106110507
6078677.781363085
113475.962388674
576430.264398236
21743242.933830991
Case #46: 
59645.000000000
3999353.125431412
5965016.167665432
596553238.000000000
1335031.006012711
1764582.480367017
66873.000000000
Case #47: 
19.865657286
561.772195823
359.047350638
10170.553595894
101.033286418
164.963488820
Case #48: 
400883541.309837639
496504069.054642320
443704758.485926211
Case #49: 
38562.930565204
38736.195515027
64694.180104761
54257.047556306
158719.545887560
289423571.000000000
2229301.324501888
47180.665620443
1427.911879905
1224957.694497749
Case #50: 
5635292.177148062
89332.000000000
5635292.177148062
22432941.912236042
Case #51: 
364262577.106754661
27998.401025773
366657784.000000000
21383879.932873551
6379288.009351693
13868907.455607614
5833829.551891279
Case #52: 
54138.587273774
7.000000000
54138.587273774
7.000000000
54138.587273774
54138.587273774
54138.587273774
418712376.000000000
Case #53: 
7.230426793
7.348469228
6.000000000
Case #54: 
57515.466996579
59377.615062346
48109.002317654
Case #55: 
1.000000000
1.000000000
1.000000000
2.236067977
2.236067977
1.000000000
5.000000000
1.000000000
5.000000000
Case #56: 
38.892554825
60301.250650380
6102.275624570
450.145681665
617.528946690
2.449489743
1226.307699209
4852.961183089
Case #57: 
2.000000000
2.000000000
376.115175107
25241.646040004
203.496324207
Case #58: 
370.557556646
976.788434812
1759.046652736
243.269204025
209.754539953
5.000000000
620.837459746
209.754539953
97.240202510
780.681375186
Case #59: 
4.000000000
4.000000000
4.000000000
Case #60: 
22274.481751862
Case #61: 
761776.091036505
1602460.579949346
55948.412679821
407353.832831310
407353.832831310
553880.278643189
40273.070531063
80018.935067284
1069925.891164017
77725.011778706
Case #62: 
6.000000000
Case #63: 
4160.850948338
26430.294835608
4160.850948338
438624.020079001
19042.222122259
22030.207630966
Case #64: 
73673713.800837591
5426390.545139893
45038069.734521151
930323597.832487226
659116242.395844936
250296174.000000000
55807051.062145621
5426390.545139893
5426390.545139893
679673707.000000000
Case #65: 
30276.210493977
16507.364901764
23833.082372637
792.445581728
224.561795504
32151.119171811
12199.000000000
2778.202964430
7204.000000000
Case #66: 
5.451361778
9.000000000
280.495989276
2265.742838136
5.803009261
89.131648792
568.811789554
208.251277865
8030097.635048406
48.812983289
Case #67: 
32160.404620498
265755.035941362
54670.751823987
246632.796854217
670107.538477967
30878.346947972
31853.254902395
27887.949817518
5691.675750288
483.593837843
Case #68: 
1.414213562
2.449489743
Case #69: 
756312047.000000000
756312047.000000000
4471957.417817616
26442.000000000
756312047.000000000
756312047.000000000
4471957.417817616
4471957.417817616
Case #70: 
72421.452548159
558.662688928
69906.224417099
2744.010536952
74364.000000000
81496.909732824
558.662688928
Case #71: 
458643.015035826
7.000000000
27939.000000000
76200.938537527
1850548.861330273
58593.689310369
531109.153700841
Case #72: 
745764.123107206
304.384625104
565085.102628564
1415019.818739112
1349820.125499857
275604.228318227
1.000000000
Case #73: 
158150.566345061
407418.890833848
783595.791568863
783595.791568863
4019938.665018783
150270.808726372
606841.598423727
7595132.502025886
150270.808726372
39719.464928216
Case #74: 
4953.705519367
46232.027146312
Case #75: 
2.000000000
4741030.839218408
83.961811818
4.000000000
Case #76: 
14163.086095635
1018.424706963
38092967.000000000
1.000000000
32500.750529795
Case #77: 
2629.476779747
90100.000000000
519.903837262
2205.788689197
6010.873232653
4451.147451655
78486.597793452
40363.787843377
993.435092587
5.196152423
Case #78: 
21019.295374613
1071374.846711925
563.874099423
1071374.846711925
21019.295374613
24578.863416237
22597.214961141
293822.818579250
45422.000000000
18085.187675022
Case #79: 
29930.000000000
29930.000000000
3.000000000
1495.654829594
Case #80: 
1.000000000
8191.881791988
1296.251710262
1296.251710262
Case #81: 
3925.298120248
4810.456779615
35325.223441167
861.655214842
104237.926141838
8659.034542098
104237.926141838
746.105890608
12314594.717016213
81204.810274081
Case #82: 
54348.535547705
187283.092624619
649.510584979
79644.787114322
7.000000000
73340.249056620
18559766.193395514
624160561.867360950
58709.029660882
377660149.000000000
Case #83: 
27479.817433811
15271.506638181
29659.000000000
27479.817433811
19053.441234830
19053.441234830
2630026.577809623
3.000000000
Case #84: 
1640214.540424209
35329.000000000
1640214.540424209
1640214.540424209
35329.000000000
1640214.540424209
1640214.540424209
76150011.000000000
Case #85: 
42731759.000000000
42731759.000000000
13856.000000000
42731759.000000000
Case #86: 
10.000000000
10.000000000
10.000000000
10.000000000
10.000000000
10.000000000
10.000000000
10.000000000
10.000000000
10.000000000
Case #87: 
92466.934252196
72852.994408693
746245.588792081
60035.221380737
1580386.642206399
90158.000000000
6616722.039898910
96525.000000000
67069.870239233
746245.588792081
Case #88: 
105.175036847
105.175036847
105.175036847
Case #89: 
4.000000000
10.000000000
6.324555320
6.324555320
6.324555320
6.324555320
6.324555320
10.000000000
6.324555320
Case #90: 
100.307321236
Case #91: 
6002.095477133
624.595869343
68714.839381636
6002.095477133
6002.095477133
Case #92: 
501049.255748494
275454990.173662484
395864014.000000000
3346384.160913168
Case #93: 
30665.629440793
142900.024158353
32977.425324000
4131560.577797208
Case #94: 
20267255.684242159
15134747.849468825
4450242.779512322
4450242.779512322
3994234.040752060
Case #95: 
72569.815873255
2214.428169016
68446.079129923
61773.064235150
734892.960405289
15708.105611094
15358.594602570
6607.621880904
43418.166429398
68041.404657255
Case #96: 
258282.305738501
1244764.701914629
258282.305738501
9.000000000
9.000000000
48474.033801511
2473.575843300
470856294.000000000
Case #97: 
21546.393294470
520.968329172
31581.828663211
Case #98: 
30441.000000000
4799499.594532747
373875160.000000000
43307.399968135
61612.000000000
888417.172508315
Case #99: 
10.000000000
335.762661131
4.000000000
1170.648706574
455421288.000000000
50662.311879256
92.676798460
455421288.000000000
Case #100: 
9.000000000
8844.000000000
8844.000000000
282.127630692
8844.000000000
8844.000000000
9.000000000
282.127630692
282.127630692
9.000000000
