Case #1: 
14
66
53
36
31
81
46
93
78
23
87
85
68
48
20
11
94
60
27
54
59
39
3
96
83
89
97
25
77
57
61
88
21
58
64
43
28
5
10
35
Case #2: 
84
0
98
37
75
33
73
5
1
54
60
36
21
65
40
34
59
32
77
81
87
23
79
42
71
20
64
83
50
62
9
61
18
43
82
27
Case #3: 
46
17
97
34
82
18
22
59
12
55
58
67
68
44
20
73
71
53
69
43
91
98
41
36
77
19
28
9
66
21
25
79
11
50
Case #4: 
80
7
38
4
9
69
44
77
86
47
62
98
95
87
84
89
2
12
15
82
64
66
26
97
1
67
65
16
88
92
32
29
22
78
Case #5: 
91
3
66
73
77
18
92
74
6
10
95
89
26
4
12
98
40
87
1
29
41
53
42
80
49
35
31
60
52
59
5
43
55
Case #6: 
34
78
42
89
3
46
7
4
96
20
72
95
38
50
26
40
87
75
44
37
64
28
29
57
45
81
69
53
74
65
25
5
12
86
82
79
Case #7: 
99
76
73
50
58
91
42
74
9
40
35
70
15
19
12
11
26
97
61
8
96
44
28
6
66
87
93
69
37
53
18
25
30
45
Case #8: 
28
99
97
98
74
7
29
15
1
59
73
52
84
70
16
37
6
77
24
67
82
48
91
43
75
72
4
87
47
8
64
0
41
36
62
23
14
89
96
11
54
9
Case #9: 
50
35
14
26
32
31
62
55
66
75
65
29
13
17
28
33
27
68
81
39
7
61
78
59
82
57
87
45
88
24
5
79
Case #10: 
45
73
13
38
21
41
92
99
86
26
39
87
15
6
64
18
23
40
98
48
1
20
34
56
74
7
60
95
42
83
66
32
29
54
97
