Case #1:
1: YYKKGOD
2: GHEKYCB
3: PTUOHXE
4: HNPLEQT
5: CBFQRAA
6: MIETVSV
7: BIATCWJ
8: FNNBUZX
9: CPBGVDH
10: ERVPRBF
11: OJWXEAP
12: PFORYQG
13: LESCVBU
14: GXSAEFO
15: ZWYHJNU
16: JUNHUMY
17: VAZRRQS
18: BTAPEYP
19: KYEQXWR
20: TRRBZXO
21: PZYTADJ
22: UFMTEKC
23: XBPRHYA
24: PAZFFPW
25: QPIQRYH
Case #2:
1: YEWIIE
2: OCPJEO
3: DTQLIS
4: BYJQJP
5: RLHZGT
6: QDTAYB
7: UEFRKQ
8: YVGLJN
9: TXFNCX
10: GWISIG
11: JKGTJD
12: SEKXVU
13: HHUDQC
14: PVBFZR
15: SXOCQY
16: GWWMJH
17: EWUNFW
18: QBIJBG
19: NGKHVR
20: TSDABB
21: KHFJWO
22: ICFSBN
Case #3:
1: DVMIGA
2: UEXBCD
3: JOUFPJ
4: BSZDGC
5: RXHWDT
6: GRXRQZ
7: XJDLMM
8: UAESWC
9: HUKFLB
10: NVZICD
11: WPEJTC
12: QSCMBS
13: GDWVZL
14: RIPTNJ
15: VDVGIJ
16: SKLZCH
17: BBMDJP
18: WRSUOR
19: DRQRAZ
20: AUATLA
21: VICGJO
22: YTUZYC
23: ELWAMV
24: KBMEVB
Case #4:
1: BOLT
2: GAY
3: PEIMENG
3: TIANBING
5: LARRY
Case #5:
1: PGMZTWY
2: ZHQFKYK
3: QLDHRTT
4: ESYFRRK
5: PPZCPWG
6: XUKDOKJ
7: CYBTNDY
8: EBDHZIE
9: EACWLFE
10: FBEDYFK
11: BYCUFTD
12: ZWRDXXK
13: WAPBLKL
14: OXQFGJZ
15: GBHDEXG
16: PJRTHUN
17: QOXPXNX
18: WXNBBRH
19: YWAFEUT
20: PEOLDBP
Case #6:
1: GVQNFZ
2: VXWIXL
3: EKEYGI
4: PYJBAZ
5: MSMAYS
6: AEIFUP
7: JWBTLI
8: TCNZFU
9: EWKKYJ
10: TMEDXF
11: OMVURU
12: VAYLHV
13: RPECZY
14: BRPOYH
15: ARNEVM
16: LTPHBO
17: RMNAPQ
18: AZGBFZ
19: XVOJWM
20: PPMYZI
21: ZGCEYI
22: XRINFF
23: VYMDFI
24: ZTAETJ
25: KVNFPF
26: PIDQDO
27: YSFQFK
28: RYJCOD
Case #7:
1: GWCBC
2: WBAWE
3: QPNSR
4: JKLKD
5: BENOZ
6: YGBUE
7: FIWWY
8: HEFFR
9: QEWMA
10: TAMXO
11: XQTZS
12: IRPQM
13: NHASS
14: GYRSX
15: HCUWV
16: NJEOD
17: PVRRR
18: KHLVT
19: YCCAD
Case #8:
1: XBXNAF
2: BHATJL
3: KZUBDB
4: RZPCFX
5: TXVUJT
6: YJSAIX
7: XIQZEB
8: OKZKWB
9: UKHDIV
10: OHQQKE
11: FOAOBE
12: YIFFFE
13: GZHVXS
14: JNWJDA
15: VJVUUY
16: WXOVLJ
17: SEQZGG
18: PBKXHP
19: LFKNZT
20: YOILDI
21: BZWKCG
22: ENAXFM
Case #9:
1: NLCGXCPNFQ
2: GAMHGRDTXM
3: YWJKBMEONK
4: KIYBJMNYUW
5: JAPCKKNUWP
6: XWUOZMWITM
7: NBYUGKQFMW
8: JSWTEFMXKT
9: AQDLQBACBK
10: PLMGDDXKXS
11: LPYTTGYORE
12: DYRPQULGVX
13: UQOKEFBBMF
14: APVCSJBKQX
15: CPLGFOTVDI
16: XGSUAYEYQK
17: JTJTYRTSMA
18: FRBBTDHALH
19: ZJZCODCCQQ
20: BTMMUNNSCO
21: IYKQNPYKPU
22: THZYDUAIMU
23: HABPXDMQBP
24: TMATRMXBPL
25: ZERTBPTNUH
26: VFCQGMJSCL
27: TPBVXYZMNF
28: RXWDEEWKXT
29: FFZYSLCTEN
30: NNYFIRCREF
31: LMQWWSLDIA
32: YBTYCEMPCG
33: KFHBHRNUNL
34: DQOBKVNBAZ
35: EKBBACNYMG
36: WINUBSCOPO
37: IUTSAOYDIW
38: PISUTLYVNZ
39: MTTAAWGXJD
40: TRERLXZLNS
41: AHERWWNJDJ
42: IDCPCDARFM
43: LKCAUIHVLV
44: ZCQVFKEIUX
45: RPIDVNRQKX
46: HRPSLPJGJV
47: JARBXSCBQS
48: ANEBOXEVZR
49: MOBAAXNQRP
50: HZNTPCINMZ
51: IIGHJLDJVQ
52: ILGHPUMRYC
53: ELHHIEFITU
54: PCSPYJEVLT
55: JGWHJDMIPJ
56: FGCWFBOQGY
57: DKZUGDJZSG
58: HLUAJYHXQJ
59: FRCHILVTFY
60: EHSIYPLNFO
61: PXGQYIVNGH
62: DLSRIVLKJA
63: SVIKQDVQBK
64: GELQHVHURX
65: EKOVOAQBDS
66: GEFZEFWKEH
67: ZPEAPZNTST
68: NDHLLPENII
69: VUVYUYVJON
70: IDHKFDUMYG
71: YSZNORPWEE
72: DDUTAZEGIA
73: ILKMDVJEIW
74: PJVXSEKXPF
75: VIRZBQVOZA
76: QVJIMHTQFE
77: XAOHDLWWCG
78: HGYBBZPZEX
79: ZIBRMAJOBZ
80: KDQLYYOJXI
81: FNSIXCVSVA
82: XLRODEFOKO
83: YUAHBKMISF
84: WQKUXVXLFM
85: CQTGFVJHOQ
86: VBXADMZQHT
87: NXMSTTVJLB
88: IPERCPIJFQ
89: JSZPBOJNFH
90: LMRHOCGVAW
91: TODXSTXWQY
92: RGOFWVADQR
93: QCLGXZJPCM
94: QXFIFGZSTH
95: RPQPSROHSV
96: JPFVBKRMOB
97: RAYJBZZYNA
98: HXXADEYOLM
99: HPGYDMCIAO
100: EEBKEVDDRW
Case #10:
1: PYYQJ
2: IZSDZ
3: MDTGA
4: YJKAY
5: YYBJY
6: EWDQK
7: IITHQ
8: QTVRD
9: DHSVH
10: EAVAK
11: WEKLL
12: ZSYWZ
13: WZBWV
14: EFZBZ
15: EREXY
16: QJAIP
17: EAXZY
18: WJFUH
19: QPJSL
20: SFBPU
21: MUNKN
22: BMGFK
23: ELMDN
